{"C:\\Users\\jason\\Downloads\\COM2020-Team-Project\\backend\\src\\app.js": {"path":"C:\\Users\\jason\\Downloads\\COM2020-Team-Project\\backend\\src\\app.js","statementMap":{"0":{"start":{"line":4,"column":12},"end":{"line":4,"column":21}},"1":{"start":{"line":6,"column":0},"end":{"line":6,"column":16}},"2":{"start":{"line":7,"column":0},"end":{"line":7,"column":40}},"3":{"start":{"line":8,"column":0},"end":{"line":8,"column":62}},"4":{"start":{"line":26,"column":0},"end":{"line":28,"column":3}},"5":{"start":{"line":27,"column":4},"end":{"line":27,"column":29}},"6":{"start":{"line":29,"column":0},"end":{"line":31,"column":3}},"7":{"start":{"line":30,"column":4},"end":{"line":30,"column":38}},"8":{"start":{"line":33,"column":0},"end":{"line":33,"column":44}},"9":{"start":{"line":34,"column":0},"end":{"line":34,"column":42}},"10":{"start":{"line":35,"column":0},"end":{"line":35,"column":29}},"11":{"start":{"line":36,"column":0},"end":{"line":36,"column":33}},"12":{"start":{"line":37,"column":0},"end":{"line":37,"column":35}},"13":{"start":{"line":38,"column":0},"end":{"line":38,"column":45}},"14":{"start":{"line":39,"column":0},"end":{"line":39,"column":32}},"15":{"start":{"line":40,"column":0},"end":{"line":40,"column":31}},"16":{"start":{"line":41,"column":0},"end":{"line":41,"column":31}},"17":{"start":{"line":42,"column":0},"end":{"line":42,"column":29}},"18":{"start":{"line":43,"column":0},"end":{"line":43,"column":29}},"19":{"start":{"line":44,"column":0},"end":{"line":44,"column":31}},"20":{"start":{"line":45,"column":0},"end":{"line":45,"column":39}},"21":{"start":{"line":47,"column":0},"end":{"line":49,"column":3}},"22":{"start":{"line":48,"column":4},"end":{"line":48,"column":37}},"23":{"start":{"line":52,"column":0},"end":{"line":54,"column":3}},"24":{"start":{"line":53,"column":4},"end":{"line":53,"column":54}},"25":{"start":{"line":57,"column":0},"end":{"line":63,"column":3}},"26":{"start":{"line":58,"column":4},"end":{"line":58,"column":33}},"27":{"start":{"line":60,"column":4},"end":{"line":62,"column":7}}},"fnMap":{"0":{"name":"(anonymous_0)","decl":{"start":{"line":26,"column":19},"end":{"line":26,"column":20}},"loc":{"start":{"line":26,"column":33},"end":{"line":28,"column":1}},"line":26},"1":{"name":"(anonymous_1)","decl":{"start":{"line":29,"column":20},"end":{"line":29,"column":21}},"loc":{"start":{"line":29,"column":34},"end":{"line":31,"column":1}},"line":29},"2":{"name":"(anonymous_2)","decl":{"start":{"line":47,"column":22},"end":{"line":47,"column":23}},"loc":{"start":{"line":47,"column":36},"end":{"line":49,"column":1}},"line":47},"3":{"name":"(anonymous_3)","decl":{"start":{"line":52,"column":8},"end":{"line":52,"column":9}},"loc":{"start":{"line":52,"column":22},"end":{"line":54,"column":1}},"line":52},"4":{"name":"(anonymous_4)","decl":{"start":{"line":57,"column":8},"end":{"line":57,"column":9}},"loc":{"start":{"line":57,"column":33},"end":{"line":63,"column":1}},"line":57}},"branchMap":{"0":{"loc":{"start":{"line":60,"column":15},"end":{"line":60,"column":32}},"type":"binary-expr","locations":[{"start":{"line":60,"column":15},"end":{"line":60,"column":25}},{"start":{"line":60,"column":29},"end":{"line":60,"column":32}}],"line":60},"1":{"loc":{"start":{"line":61,"column":15},"end":{"line":61,"column":53}},"type":"binary-expr","locations":[{"start":{"line":61,"column":15},"end":{"line":61,"column":26}},{"start":{"line":61,"column":30},"end":{"line":61,"column":53}}],"line":61}},"s":{"0":4,"1":4,"2":4,"3":4,"4":4,"5":1,"6":4,"7":0,"8":4,"9":4,"10":4,"11":4,"12":4,"13":4,"14":4,"15":4,"16":4,"17":4,"18":4,"19":4,"20":4,"21":4,"22":0,"23":4,"24":0,"25":4,"26":0,"27":0},"f":{"0":1,"1":0,"2":0,"3":0,"4":0},"b":{"0":[0,0],"1":[0,0]},"_coverageSchema":"1a1c01bbd47fc00a2c39e90264f33305004495a9","hash":"f208895e05651198f390dc3476d30e12f30af02e"}
,"C:\\Users\\jason\\Downloads\\COM2020-Team-Project\\backend\\src\\controllers\\actionLogs.controller.js": {"path":"C:\\Users\\jason\\Downloads\\COM2020-Team-Project\\backend\\src\\controllers\\actionLogs.controller.js","statementMap":{"0":{"start":{"line":5,"column":4},"end":{"line":5,"column":70}},"1":{"start":{"line":8,"column":4},"end":{"line":8,"column":26}},"2":{"start":{"line":8,"column":14},"end":{"line":8,"column":26}},"3":{"start":{"line":10,"column":8},"end":{"line":10,"column":84}},"4":{"start":{"line":11,"column":4},"end":{"line":11,"column":40}},"5":{"start":{"line":11,"column":29},"end":{"line":11,"column":40}},"6":{"start":{"line":12,"column":4},"end":{"line":12,"column":68}},"7":{"start":{"line":12,"column":48},"end":{"line":12,"column":68}},"8":{"start":{"line":13,"column":4},"end":{"line":13,"column":15}},"9":{"start":{"line":17,"column":4},"end":{"line":103,"column":5}},"10":{"start":{"line":18,"column":53},"end":{"line":18,"column":61}},"11":{"start":{"line":20,"column":27},"end":{"line":20,"column":78}},"12":{"start":{"line":21,"column":8},"end":{"line":25,"column":9}},"13":{"start":{"line":22,"column":12},"end":{"line":24,"column":15}},"14":{"start":{"line":27,"column":8},"end":{"line":29,"column":9}},"15":{"start":{"line":28,"column":12},"end":{"line":28,"column":76}},"16":{"start":{"line":31,"column":49},"end":{"line":51,"column":21}},"17":{"start":{"line":53,"column":8},"end":{"line":53,"column":38}},"18":{"start":{"line":53,"column":19},"end":{"line":53,"column":38}},"19":{"start":{"line":54,"column":8},"end":{"line":54,"column":87}},"20":{"start":{"line":54,"column":25},"end":{"line":54,"column":87}},"21":{"start":{"line":55,"column":8},"end":{"line":55,"column":125}},"22":{"start":{"line":55,"column":40},"end":{"line":55,"column":125}},"23":{"start":{"line":57,"column":23},"end":{"line":57,"column":48}},"24":{"start":{"line":59,"column":8},"end":{"line":63,"column":9}},"25":{"start":{"line":60,"column":12},"end":{"line":62,"column":15}},"26":{"start":{"line":64,"column":8},"end":{"line":68,"column":9}},"27":{"start":{"line":65,"column":12},"end":{"line":67,"column":15}},"28":{"start":{"line":70,"column":21},"end":{"line":70,"column":64}},"29":{"start":{"line":71,"column":8},"end":{"line":71,"column":73}},"30":{"start":{"line":71,"column":24},"end":{"line":71,"column":73}},"31":{"start":{"line":73,"column":26},"end":{"line":81,"column":9}},"32":{"start":{"line":83,"column":48},"end":{"line":87,"column":21}},"33":{"start":{"line":89,"column":8},"end":{"line":89,"column":40}},"34":{"start":{"line":89,"column":20},"end":{"line":89,"column":40}},"35":{"start":{"line":91,"column":8},"end":{"line":100,"column":11}},"36":{"start":{"line":102,"column":8},"end":{"line":102,"column":18}},"37":{"start":{"line":107,"column":4},"end":{"line":132,"column":5}},"38":{"start":{"line":108,"column":27},"end":{"line":108,"column":88}},"39":{"start":{"line":109,"column":8},"end":{"line":113,"column":9}},"40":{"start":{"line":110,"column":12},"end":{"line":112,"column":15}},"41":{"start":{"line":115,"column":31},"end":{"line":115,"column":40}},"42":{"start":{"line":117,"column":20},"end":{"line":121,"column":54}},"43":{"start":{"line":123,"column":8},"end":{"line":123,"column":59}},"44":{"start":{"line":123,"column":19},"end":{"line":123,"column":59}},"45":{"start":{"line":124,"column":8},"end":{"line":124,"column":55}},"46":{"start":{"line":124,"column":17},"end":{"line":124,"column":55}},"47":{"start":{"line":126,"column":38},"end":{"line":126,"column":49}},"48":{"start":{"line":127,"column":8},"end":{"line":127,"column":38}},"49":{"start":{"line":127,"column":19},"end":{"line":127,"column":38}},"50":{"start":{"line":129,"column":8},"end":{"line":129,"column":58}},"51":{"start":{"line":131,"column":8},"end":{"line":131,"column":18}}},"fnMap":{"0":{"name":"normalizeUserId","decl":{"start":{"line":7,"column":9},"end":{"line":7,"column":24}},"loc":{"start":{"line":7,"column":30},"end":{"line":14,"column":1}},"line":7},"1":{"name":"createActionLog","decl":{"start":{"line":16,"column":22},"end":{"line":16,"column":37}},"loc":{"start":{"line":16,"column":54},"end":{"line":104,"column":1}},"line":16},"2":{"name":"listActionLogs","decl":{"start":{"line":106,"column":22},"end":{"line":106,"column":36}},"loc":{"start":{"line":106,"column":53},"end":{"line":133,"column":1}},"line":106}},"branchMap":{"0":{"loc":{"start":{"line":5,"column":4},"end":{"line":5,"column":70}},"type":"binary-expr","locations":[{"start":{"line":5,"column":4},"end":{"line":5,"column":28}},{"start":{"line":5,"column":32},"end":{"line":5,"column":70}}],"line":5},"1":{"loc":{"start":{"line":8,"column":4},"end":{"line":8,"column":26}},"type":"if","locations":[{"start":{"line":8,"column":4},"end":{"line":8,"column":26}},{"start":{},"end":{}}],"line":8},"2":{"loc":{"start":{"line":11,"column":4},"end":{"line":11,"column":40}},"type":"if","locations":[{"start":{"line":11,"column":4},"end":{"line":11,"column":40}},{"start":{},"end":{}}],"line":11},"3":{"loc":{"start":{"line":12,"column":4},"end":{"line":12,"column":68}},"type":"if","locations":[{"start":{"line":12,"column":4},"end":{"line":12,"column":68}},{"start":{},"end":{}}],"line":12},"4":{"loc":{"start":{"line":12,"column":8},"end":{"line":12,"column":46}},"type":"binary-expr","locations":[{"start":{"line":12,"column":8},"end":{"line":12,"column":28}},{"start":{"line":12,"column":32},"end":{"line":12,"column":46}}],"line":12},"5":{"loc":{"start":{"line":20,"column":43},"end":{"line":20,"column":77}},"type":"binary-expr","locations":[{"start":{"line":20,"column":43},"end":{"line":20,"column":66}},{"start":{"line":20,"column":70},"end":{"line":20,"column":77}}],"line":20},"6":{"loc":{"start":{"line":21,"column":8},"end":{"line":25,"column":9}},"type":"if","locations":[{"start":{"line":21,"column":8},"end":{"line":25,"column":9}},{"start":{},"end":{}}],"line":21},"7":{"loc":{"start":{"line":27,"column":8},"end":{"line":29,"column":9}},"type":"if","locations":[{"start":{"line":27,"column":8},"end":{"line":29,"column":9}},{"start":{},"end":{}}],"line":27},"8":{"loc":{"start":{"line":53,"column":8},"end":{"line":53,"column":38}},"type":"if","locations":[{"start":{"line":53,"column":8},"end":{"line":53,"column":38}},{"start":{},"end":{}}],"line":53},"9":{"loc":{"start":{"line":54,"column":8},"end":{"line":54,"column":87}},"type":"if","locations":[{"start":{"line":54,"column":8},"end":{"line":54,"column":87}},{"start":{},"end":{}}],"line":54},"10":{"loc":{"start":{"line":55,"column":8},"end":{"line":55,"column":125}},"type":"if","locations":[{"start":{"line":55,"column":8},"end":{"line":55,"column":125}},{"start":{},"end":{}}],"line":55},"11":{"loc":{"start":{"line":59,"column":8},"end":{"line":63,"column":9}},"type":"if","locations":[{"start":{"line":59,"column":8},"end":{"line":63,"column":9}},{"start":{},"end":{}}],"line":59},"12":{"loc":{"start":{"line":64,"column":8},"end":{"line":68,"column":9}},"type":"if","locations":[{"start":{"line":64,"column":8},"end":{"line":68,"column":9}},{"start":{},"end":{}}],"line":64},"13":{"loc":{"start":{"line":71,"column":8},"end":{"line":71,"column":73}},"type":"if","locations":[{"start":{"line":71,"column":8},"end":{"line":71,"column":73}},{"start":{},"end":{}}],"line":71},"14":{"loc":{"start":{"line":89,"column":8},"end":{"line":89,"column":40}},"type":"if","locations":[{"start":{"line":89,"column":8},"end":{"line":89,"column":40}},{"start":{},"end":{}}],"line":89},"15":{"loc":{"start":{"line":108,"column":43},"end":{"line":108,"column":87}},"type":"binary-expr","locations":[{"start":{"line":108,"column":43},"end":{"line":108,"column":66}},{"start":{"line":108,"column":70},"end":{"line":108,"column":87}}],"line":108},"16":{"loc":{"start":{"line":109,"column":8},"end":{"line":113,"column":9}},"type":"if","locations":[{"start":{"line":109,"column":8},"end":{"line":113,"column":9}},{"start":{},"end":{}}],"line":109},"17":{"loc":{"start":{"line":123,"column":8},"end":{"line":123,"column":59}},"type":"if","locations":[{"start":{"line":123,"column":8},"end":{"line":123,"column":59}},{"start":{},"end":{}}],"line":123},"18":{"loc":{"start":{"line":124,"column":8},"end":{"line":124,"column":55}},"type":"if","locations":[{"start":{"line":124,"column":8},"end":{"line":124,"column":55}},{"start":{},"end":{}}],"line":124},"19":{"loc":{"start":{"line":127,"column":8},"end":{"line":127,"column":38}},"type":"if","locations":[{"start":{"line":127,"column":8},"end":{"line":127,"column":38}},{"start":{},"end":{}}],"line":127},"20":{"loc":{"start":{"line":129,"column":44},"end":{"line":129,"column":54}},"type":"binary-expr","locations":[{"start":{"line":129,"column":44},"end":{"line":129,"column":48}},{"start":{"line":129,"column":52},"end":{"line":129,"column":54}}],"line":129}},"s":{"0":4,"1":0,"2":0,"3":0,"4":0,"5":0,"6":0,"7":0,"8":0,"9":0,"10":0,"11":0,"12":0,"13":0,"14":0,"15":0,"16":0,"17":0,"18":0,"19":0,"20":0,"21":0,"22":0,"23":0,"24":0,"25":0,"26":0,"27":0,"28":0,"29":0,"30":0,"31":0,"32":0,"33":0,"34":0,"35":0,"36":0,"37":0,"38":0,"39":0,"40":0,"41":0,"42":0,"43":0,"44":0,"45":0,"46":0,"47":0,"48":0,"49":0,"50":0,"51":0},"f":{"0":0,"1":0,"2":0},"b":{"0":[4,4],"1":[0,0],"2":[0,0],"3":[0,0],"4":[0,0],"5":[0,0],"6":[0,0],"7":[0,0],"8":[0,0],"9":[0,0],"10":[0,0],"11":[0,0],"12":[0,0],"13":[0,0],"14":[0,0],"15":[0,0],"16":[0,0],"17":[0,0],"18":[0,0],"19":[0,0],"20":[0,0]},"_coverageSchema":"1a1c01bbd47fc00a2c39e90264f33305004495a9","hash":"33d6a61ec39a01659930a1d53cc7c9255c65c602"}
,"C:\\Users\\jason\\Downloads\\COM2020-Team-Project\\backend\\src\\controllers\\actionTypes.controller.js": {"path":"C:\\Users\\jason\\Downloads\\COM2020-Team-Project\\backend\\src\\controllers\\actionTypes.controller.js","statementMap":{"0":{"start":{"line":9,"column":4},"end":{"line":47,"column":5}},"1":{"start":{"line":10,"column":32},"end":{"line":30,"column":45}},"2":{"start":{"line":32,"column":12},"end":{"line":32,"column":42}},"3":{"start":{"line":32,"column":23},"end":{"line":32,"column":42}},"4":{"start":{"line":34,"column":28},"end":{"line":42,"column":15}},"5":{"start":{"line":34,"column":55},"end":{"line":42,"column":13}},"6":{"start":{"line":44,"column":12},"end":{"line":44,"column":45}},"7":{"start":{"line":46,"column":8},"end":{"line":46,"column":18}}},"fnMap":{"0":{"name":"getActionTypes","decl":{"start":{"line":8,"column":22},"end":{"line":8,"column":36}},"loc":{"start":{"line":8,"column":53},"end":{"line":48,"column":1}},"line":8},"1":{"name":"(anonymous_1)","decl":{"start":{"line":34,"column":45},"end":{"line":34,"column":46}},"loc":{"start":{"line":34,"column":55},"end":{"line":42,"column":13}},"line":34}},"branchMap":{"0":{"loc":{"start":{"line":32,"column":12},"end":{"line":32,"column":42}},"type":"if","locations":[{"start":{"line":32,"column":12},"end":{"line":32,"column":42}},{"start":{},"end":{}}],"line":32},"1":{"loc":{"start":{"line":34,"column":29},"end":{"line":34,"column":39}},"type":"binary-expr","locations":[{"start":{"line":34,"column":29},"end":{"line":34,"column":33}},{"start":{"line":34,"column":37},"end":{"line":34,"column":39}}],"line":34},"2":{"loc":{"start":{"line":41,"column":24},"end":{"line":41,"column":50}},"type":"binary-expr","locations":[{"start":{"line":41,"column":24},"end":{"line":41,"column":42}},{"start":{"line":41,"column":46},"end":{"line":41,"column":50}}],"line":41}},"s":{"0":0,"1":0,"2":0,"3":0,"4":0,"5":0,"6":0,"7":0},"f":{"0":0,"1":0},"b":{"0":[0,0],"1":[0,0],"2":[0,0]},"_coverageSchema":"1a1c01bbd47fc00a2c39e90264f33305004495a9","hash":"fd223e1c9acd9a24f9e34e285d111d1e5b9449cd"}
,"C:\\Users\\jason\\Downloads\\COM2020-Team-Project\\backend\\src\\controllers\\auth.controller.js": {"path":"C:\\Users\\jason\\Downloads\\COM2020-Team-Project\\backend\\src\\controllers\\auth.controller.js","statementMap":{"0":{"start":{"line":4,"column":4},"end":{"line":32,"column":5}},"1":{"start":{"line":5,"column":39},"end":{"line":5,"column":53}},"2":{"start":{"line":7,"column":8},"end":{"line":9,"column":9}},"3":{"start":{"line":8,"column":12},"end":{"line":8,"column":90}},"4":{"start":{"line":11,"column":38},"end":{"line":16,"column":21}},"5":{"start":{"line":18,"column":8},"end":{"line":23,"column":9}},"6":{"start":{"line":19,"column":12},"end":{"line":21,"column":13}},"7":{"start":{"line":20,"column":16},"end":{"line":20,"column":79}},"8":{"start":{"line":22,"column":12},"end":{"line":22,"column":31}},"9":{"start":{"line":25,"column":8},"end":{"line":27,"column":9}},"10":{"start":{"line":26,"column":12},"end":{"line":26,"column":75}},"11":{"start":{"line":29,"column":8},"end":{"line":29,"column":46}},"12":{"start":{"line":31,"column":8},"end":{"line":31,"column":18}},"13":{"start":{"line":36,"column":4},"end":{"line":81,"column":5}},"14":{"start":{"line":37,"column":25},"end":{"line":37,"column":58}},"15":{"start":{"line":38,"column":29},"end":{"line":38,"column":74}},"16":{"start":{"line":39,"column":25},"end":{"line":39,"column":49}},"17":{"start":{"line":41,"column":8},"end":{"line":43,"column":9}},"18":{"start":{"line":42,"column":12},"end":{"line":42,"column":90}},"19":{"start":{"line":45,"column":8},"end":{"line":47,"column":9}},"20":{"start":{"line":46,"column":12},"end":{"line":46,"column":99}},"21":{"start":{"line":49,"column":8},"end":{"line":51,"column":9}},"22":{"start":{"line":50,"column":12},"end":{"line":50,"column":99}},"23":{"start":{"line":53,"column":61},"end":{"line":57,"column":26}},"24":{"start":{"line":59,"column":8},"end":{"line":59,"column":54}},"25":{"start":{"line":59,"column":27},"end":{"line":59,"column":54}},"26":{"start":{"line":60,"column":8},"end":{"line":62,"column":9}},"27":{"start":{"line":61,"column":12},"end":{"line":61,"column":86}},"28":{"start":{"line":64,"column":51},"end":{"line":74,"column":21}},"29":{"start":{"line":76,"column":8},"end":{"line":76,"column":50}},"30":{"start":{"line":76,"column":25},"end":{"line":76,"column":50}},"31":{"start":{"line":78,"column":8},"end":{"line":78,"column":46}},"32":{"start":{"line":80,"column":8},"end":{"line":80,"column":18}}},"fnMap":{"0":{"name":"login","decl":{"start":{"line":3,"column":22},"end":{"line":3,"column":27}},"loc":{"start":{"line":3,"column":44},"end":{"line":33,"column":1}},"line":3},"1":{"name":"signup","decl":{"start":{"line":35,"column":22},"end":{"line":35,"column":28}},"loc":{"start":{"line":35,"column":45},"end":{"line":82,"column":1}},"line":35}},"branchMap":{"0":{"loc":{"start":{"line":5,"column":39},"end":{"line":5,"column":53}},"type":"binary-expr","locations":[{"start":{"line":5,"column":39},"end":{"line":5,"column":47}},{"start":{"line":5,"column":51},"end":{"line":5,"column":53}}],"line":5},"1":{"loc":{"start":{"line":7,"column":8},"end":{"line":9,"column":9}},"type":"if","locations":[{"start":{"line":7,"column":8},"end":{"line":9,"column":9}},{"start":{},"end":{}}],"line":7},"2":{"loc":{"start":{"line":7,"column":12},"end":{"line":7,"column":34}},"type":"binary-expr","locations":[{"start":{"line":7,"column":12},"end":{"line":7,"column":21}},{"start":{"line":7,"column":25},"end":{"line":7,"column":34}}],"line":7},"3":{"loc":{"start":{"line":18,"column":8},"end":{"line":23,"column":9}},"type":"if","locations":[{"start":{"line":18,"column":8},"end":{"line":23,"column":9}},{"start":{},"end":{}}],"line":18},"4":{"loc":{"start":{"line":19,"column":12},"end":{"line":21,"column":13}},"type":"if","locations":[{"start":{"line":19,"column":12},"end":{"line":21,"column":13}},{"start":{},"end":{}}],"line":19},"5":{"loc":{"start":{"line":25,"column":8},"end":{"line":27,"column":9}},"type":"if","locations":[{"start":{"line":25,"column":8},"end":{"line":27,"column":9}},{"start":{},"end":{}}],"line":25},"6":{"loc":{"start":{"line":37,"column":26},"end":{"line":37,"column":50}},"type":"binary-expr","locations":[{"start":{"line":37,"column":26},"end":{"line":37,"column":44}},{"start":{"line":37,"column":48},"end":{"line":37,"column":50}}],"line":37},"7":{"loc":{"start":{"line":38,"column":29},"end":{"line":38,"column":74}},"type":"binary-expr","locations":[{"start":{"line":38,"column":29},"end":{"line":38,"column":66}},{"start":{"line":38,"column":70},"end":{"line":38,"column":74}}],"line":38},"8":{"loc":{"start":{"line":38,"column":30},"end":{"line":38,"column":58}},"type":"binary-expr","locations":[{"start":{"line":38,"column":30},"end":{"line":38,"column":52}},{"start":{"line":38,"column":56},"end":{"line":38,"column":58}}],"line":38},"9":{"loc":{"start":{"line":39,"column":25},"end":{"line":39,"column":49}},"type":"binary-expr","locations":[{"start":{"line":39,"column":25},"end":{"line":39,"column":43}},{"start":{"line":39,"column":47},"end":{"line":39,"column":49}}],"line":39},"10":{"loc":{"start":{"line":41,"column":8},"end":{"line":43,"column":9}},"type":"if","locations":[{"start":{"line":41,"column":8},"end":{"line":43,"column":9}},{"start":{},"end":{}}],"line":41},"11":{"loc":{"start":{"line":41,"column":12},"end":{"line":41,"column":34}},"type":"binary-expr","locations":[{"start":{"line":41,"column":12},"end":{"line":41,"column":21}},{"start":{"line":41,"column":25},"end":{"line":41,"column":34}}],"line":41},"12":{"loc":{"start":{"line":45,"column":8},"end":{"line":47,"column":9}},"type":"if","locations":[{"start":{"line":45,"column":8},"end":{"line":47,"column":9}},{"start":{},"end":{}}],"line":45},"13":{"loc":{"start":{"line":49,"column":8},"end":{"line":51,"column":9}},"type":"if","locations":[{"start":{"line":49,"column":8},"end":{"line":51,"column":9}},{"start":{},"end":{}}],"line":49},"14":{"loc":{"start":{"line":59,"column":8},"end":{"line":59,"column":54}},"type":"if","locations":[{"start":{"line":59,"column":8},"end":{"line":59,"column":54}},{"start":{},"end":{}}],"line":59},"15":{"loc":{"start":{"line":60,"column":8},"end":{"line":62,"column":9}},"type":"if","locations":[{"start":{"line":60,"column":8},"end":{"line":62,"column":9}},{"start":{},"end":{}}],"line":60},"16":{"loc":{"start":{"line":76,"column":8},"end":{"line":76,"column":50}},"type":"if","locations":[{"start":{"line":76,"column":8},"end":{"line":76,"column":50}},{"start":{},"end":{}}],"line":76}},"s":{"0":5,"1":5,"2":5,"3":1,"4":4,"5":4,"6":3,"7":3,"8":0,"9":1,"10":0,"11":1,"12":0,"13":5,"14":5,"15":5,"16":5,"17":5,"18":1,"19":4,"20":1,"21":3,"22":1,"23":2,"24":2,"25":0,"26":2,"27":1,"28":1,"29":1,"30":0,"31":1,"32":0},"f":{"0":5,"1":5},"b":{"0":[5,0],"1":[1,4],"2":[5,4],"3":[3,1],"4":[3,0],"5":[0,1],"6":[5,1],"7":[5,4],"8":[5,4],"9":[5,1],"10":[1,4],"11":[5,4],"12":[1,3],"13":[1,2],"14":[0,2],"15":[1,1],"16":[0,1]},"_coverageSchema":"1a1c01bbd47fc00a2c39e90264f33305004495a9","hash":"c7e45b6226d06c73e78505f896264e77db0c6cd6"}
,"C:\\Users\\jason\\Downloads\\COM2020-Team-Project\\backend\\src\\controllers\\challenges.controller.js": {"path":"C:\\Users\\jason\\Downloads\\COM2020-Team-Project\\backend\\src\\controllers\\challenges.controller.js","statementMap":{"0":{"start":{"line":5,"column":4},"end":{"line":30,"column":5}},"1":{"start":{"line":6,"column":21},"end":{"line":6,"column":35}},"2":{"start":{"line":8,"column":16},"end":{"line":11,"column":52}},"3":{"start":{"line":13,"column":8},"end":{"line":15,"column":9}},"4":{"start":{"line":14,"column":12},"end":{"line":14,"column":45}},"5":{"start":{"line":17,"column":30},"end":{"line":17,"column":37}},"6":{"start":{"line":19,"column":8},"end":{"line":19,"column":38}},"7":{"start":{"line":19,"column":19},"end":{"line":19,"column":38}},"8":{"start":{"line":21,"column":24},"end":{"line":25,"column":11}},"9":{"start":{"line":21,"column":47},"end":{"line":25,"column":9}},"10":{"start":{"line":27,"column":8},"end":{"line":27,"column":40}},"11":{"start":{"line":29,"column":8},"end":{"line":29,"column":18}},"12":{"start":{"line":34,"column":4},"end":{"line":55,"column":5}},"13":{"start":{"line":35,"column":30},"end":{"line":35,"column":40}},"14":{"start":{"line":37,"column":30},"end":{"line":41,"column":21}},"15":{"start":{"line":43,"column":8},"end":{"line":43,"column":38}},"16":{"start":{"line":43,"column":19},"end":{"line":43,"column":38}},"17":{"start":{"line":44,"column":8},"end":{"line":44,"column":78}},"18":{"start":{"line":44,"column":18},"end":{"line":44,"column":78}},"19":{"start":{"line":46,"column":8},"end":{"line":52,"column":11}},"20":{"start":{"line":54,"column":8},"end":{"line":54,"column":18}},"21":{"start":{"line":59,"column":4},"end":{"line":80,"column":5}},"22":{"start":{"line":60,"column":30},"end":{"line":60,"column":40}},"23":{"start":{"line":62,"column":22},"end":{"line":62,"column":66}},"24":{"start":{"line":63,"column":23},"end":{"line":63,"column":39}},"25":{"start":{"line":65,"column":16},"end":{"line":70,"column":25}},"26":{"start":{"line":72,"column":8},"end":{"line":72,"column":47}},"27":{"start":{"line":72,"column":20},"end":{"line":72,"column":47}},"28":{"start":{"line":74,"column":30},"end":{"line":74,"column":37}},"29":{"start":{"line":75,"column":8},"end":{"line":75,"column":38}},"30":{"start":{"line":75,"column":19},"end":{"line":75,"column":38}},"31":{"start":{"line":77,"column":8},"end":{"line":77,"column":44}},"32":{"start":{"line":79,"column":8},"end":{"line":79,"column":18}},"33":{"start":{"line":84,"column":4},"end":{"line":101,"column":5}},"34":{"start":{"line":85,"column":25},"end":{"line":85,"column":35}},"35":{"start":{"line":87,"column":22},"end":{"line":87,"column":66}},"36":{"start":{"line":89,"column":30},"end":{"line":94,"column":25}},"37":{"start":{"line":96,"column":8},"end":{"line":96,"column":38}},"38":{"start":{"line":96,"column":19},"end":{"line":96,"column":38}},"39":{"start":{"line":98,"column":8},"end":{"line":98,"column":44}},"40":{"start":{"line":100,"column":8},"end":{"line":100,"column":18}}},"fnMap":{"0":{"name":"listChallenges","decl":{"start":{"line":4,"column":22},"end":{"line":4,"column":36}},"loc":{"start":{"line":4,"column":53},"end":{"line":31,"column":1}},"line":4},"1":{"name":"(anonymous_1)","decl":{"start":{"line":21,"column":41},"end":{"line":21,"column":42}},"loc":{"start":{"line":21,"column":47},"end":{"line":25,"column":9}},"line":21},"2":{"name":"getChallenge","decl":{"start":{"line":33,"column":22},"end":{"line":33,"column":34}},"loc":{"start":{"line":33,"column":51},"end":{"line":56,"column":1}},"line":33},"3":{"name":"listChallengeSubmissions","decl":{"start":{"line":58,"column":22},"end":{"line":58,"column":46}},"loc":{"start":{"line":58,"column":63},"end":{"line":81,"column":1}},"line":58},"4":{"name":"listUserSubmissions","decl":{"start":{"line":83,"column":22},"end":{"line":83,"column":41}},"loc":{"start":{"line":83,"column":58},"end":{"line":102,"column":1}},"line":83}},"branchMap":{"0":{"loc":{"start":{"line":13,"column":8},"end":{"line":15,"column":9}},"type":"if","locations":[{"start":{"line":13,"column":8},"end":{"line":15,"column":9}},{"start":{},"end":{}}],"line":13},"1":{"loc":{"start":{"line":19,"column":8},"end":{"line":19,"column":38}},"type":"if","locations":[{"start":{"line":19,"column":8},"end":{"line":19,"column":38}},{"start":{},"end":{}}],"line":19},"2":{"loc":{"start":{"line":21,"column":25},"end":{"line":21,"column":35}},"type":"binary-expr","locations":[{"start":{"line":21,"column":25},"end":{"line":21,"column":29}},{"start":{"line":21,"column":33},"end":{"line":21,"column":35}}],"line":21},"3":{"loc":{"start":{"line":43,"column":8},"end":{"line":43,"column":38}},"type":"if","locations":[{"start":{"line":43,"column":8},"end":{"line":43,"column":38}},{"start":{},"end":{}}],"line":43},"4":{"loc":{"start":{"line":44,"column":8},"end":{"line":44,"column":78}},"type":"if","locations":[{"start":{"line":44,"column":8},"end":{"line":44,"column":78}},{"start":{},"end":{}}],"line":44},"5":{"loc":{"start":{"line":62,"column":38},"end":{"line":62,"column":59}},"type":"binary-expr","locations":[{"start":{"line":62,"column":38},"end":{"line":62,"column":53}},{"start":{"line":62,"column":57},"end":{"line":62,"column":59}}],"line":62},"6":{"loc":{"start":{"line":72,"column":8},"end":{"line":72,"column":47}},"type":"if","locations":[{"start":{"line":72,"column":8},"end":{"line":72,"column":47}},{"start":{},"end":{}}],"line":72},"7":{"loc":{"start":{"line":75,"column":8},"end":{"line":75,"column":38}},"type":"if","locations":[{"start":{"line":75,"column":8},"end":{"line":75,"column":38}},{"start":{},"end":{}}],"line":75},"8":{"loc":{"start":{"line":77,"column":31},"end":{"line":77,"column":41}},"type":"binary-expr","locations":[{"start":{"line":77,"column":31},"end":{"line":77,"column":35}},{"start":{"line":77,"column":39},"end":{"line":77,"column":41}}],"line":77},"9":{"loc":{"start":{"line":87,"column":38},"end":{"line":87,"column":59}},"type":"binary-expr","locations":[{"start":{"line":87,"column":38},"end":{"line":87,"column":53}},{"start":{"line":87,"column":57},"end":{"line":87,"column":59}}],"line":87},"10":{"loc":{"start":{"line":96,"column":8},"end":{"line":96,"column":38}},"type":"if","locations":[{"start":{"line":96,"column":8},"end":{"line":96,"column":38}},{"start":{},"end":{}}],"line":96},"11":{"loc":{"start":{"line":98,"column":31},"end":{"line":98,"column":41}},"type":"binary-expr","locations":[{"start":{"line":98,"column":31},"end":{"line":98,"column":35}},{"start":{"line":98,"column":39},"end":{"line":98,"column":41}}],"line":98}},"s":{"0":0,"1":0,"2":0,"3":0,"4":0,"5":0,"6":0,"7":0,"8":0,"9":0,"10":0,"11":0,"12":0,"13":0,"14":0,"15":0,"16":0,"17":0,"18":0,"19":0,"20":0,"21":0,"22":0,"23":0,"24":0,"25":0,"26":0,"27":0,"28":0,"29":0,"30":0,"31":0,"32":0,"33":0,"34":0,"35":0,"36":0,"37":0,"38":0,"39":0,"40":0},"f":{"0":0,"1":0,"2":0,"3":0,"4":0},"b":{"0":[0,0],"1":[0,0],"2":[0,0],"3":[0,0],"4":[0,0],"5":[0,0],"6":[0,0],"7":[0,0],"8":[0,0],"9":[0,0],"10":[0,0],"11":[0,0]},"_coverageSchema":"1a1c01bbd47fc00a2c39e90264f33305004495a9","hash":"410367ac79935b92521b7f85d63c19ddfdde70d1"}
,"C:\\Users\\jason\\Downloads\\COM2020-Team-Project\\backend\\src\\controllers\\coins.controller.js": {"path":"C:\\Users\\jason\\Downloads\\COM2020-Team-Project\\backend\\src\\controllers\\coins.controller.js","statementMap":{"0":{"start":{"line":4,"column":4},"end":{"line":4,"column":70}},"1":{"start":{"line":7,"column":4},"end":{"line":7,"column":26}},"2":{"start":{"line":7,"column":14},"end":{"line":7,"column":26}},"3":{"start":{"line":9,"column":8},"end":{"line":9,"column":84}},"4":{"start":{"line":10,"column":4},"end":{"line":10,"column":40}},"5":{"start":{"line":10,"column":29},"end":{"line":10,"column":40}},"6":{"start":{"line":11,"column":4},"end":{"line":11,"column":68}},"7":{"start":{"line":11,"column":48},"end":{"line":11,"column":68}},"8":{"start":{"line":12,"column":4},"end":{"line":12,"column":15}},"9":{"start":{"line":16,"column":4},"end":{"line":34,"column":5}},"10":{"start":{"line":17,"column":23},"end":{"line":17,"column":63}},"11":{"start":{"line":18,"column":8},"end":{"line":20,"column":9}},"12":{"start":{"line":19,"column":12},"end":{"line":19,"column":95}},"13":{"start":{"line":22,"column":36},"end":{"line":26,"column":21}},"14":{"start":{"line":28,"column":8},"end":{"line":28,"column":38}},"15":{"start":{"line":28,"column":19},"end":{"line":28,"column":38}},"16":{"start":{"line":29,"column":8},"end":{"line":29,"column":74}},"17":{"start":{"line":29,"column":19},"end":{"line":29,"column":74}},"18":{"start":{"line":31,"column":8},"end":{"line":31,"column":57}},"19":{"start":{"line":33,"column":8},"end":{"line":33,"column":18}},"20":{"start":{"line":38,"column":4},"end":{"line":66,"column":5}},"21":{"start":{"line":39,"column":23},"end":{"line":39,"column":63}},"22":{"start":{"line":40,"column":8},"end":{"line":42,"column":9}},"23":{"start":{"line":41,"column":12},"end":{"line":41,"column":95}},"24":{"start":{"line":44,"column":22},"end":{"line":44,"column":69}},"25":{"start":{"line":45,"column":23},"end":{"line":45,"column":54}},"26":{"start":{"line":47,"column":51},"end":{"line":54,"column":46}},"27":{"start":{"line":56,"column":8},"end":{"line":56,"column":38}},"28":{"start":{"line":56,"column":19},"end":{"line":56,"column":38}},"29":{"start":{"line":58,"column":8},"end":{"line":63,"column":11}},"30":{"start":{"line":65,"column":8},"end":{"line":65,"column":18}}},"fnMap":{"0":{"name":"normalizeUserId","decl":{"start":{"line":6,"column":9},"end":{"line":6,"column":24}},"loc":{"start":{"line":6,"column":30},"end":{"line":13,"column":1}},"line":6},"1":{"name":"getCoinBalance","decl":{"start":{"line":15,"column":22},"end":{"line":15,"column":36}},"loc":{"start":{"line":15,"column":53},"end":{"line":35,"column":1}},"line":15},"2":{"name":"getCoinHistory","decl":{"start":{"line":37,"column":22},"end":{"line":37,"column":36}},"loc":{"start":{"line":37,"column":53},"end":{"line":67,"column":1}},"line":37}},"branchMap":{"0":{"loc":{"start":{"line":4,"column":4},"end":{"line":4,"column":70}},"type":"binary-expr","locations":[{"start":{"line":4,"column":4},"end":{"line":4,"column":28}},{"start":{"line":4,"column":32},"end":{"line":4,"column":70}}],"line":4},"1":{"loc":{"start":{"line":7,"column":4},"end":{"line":7,"column":26}},"type":"if","locations":[{"start":{"line":7,"column":4},"end":{"line":7,"column":26}},{"start":{},"end":{}}],"line":7},"2":{"loc":{"start":{"line":10,"column":4},"end":{"line":10,"column":40}},"type":"if","locations":[{"start":{"line":10,"column":4},"end":{"line":10,"column":40}},{"start":{},"end":{}}],"line":10},"3":{"loc":{"start":{"line":11,"column":4},"end":{"line":11,"column":68}},"type":"if","locations":[{"start":{"line":11,"column":4},"end":{"line":11,"column":68}},{"start":{},"end":{}}],"line":11},"4":{"loc":{"start":{"line":11,"column":8},"end":{"line":11,"column":46}},"type":"binary-expr","locations":[{"start":{"line":11,"column":8},"end":{"line":11,"column":28}},{"start":{"line":11,"column":32},"end":{"line":11,"column":46}}],"line":11},"5":{"loc":{"start":{"line":18,"column":8},"end":{"line":20,"column":9}},"type":"if","locations":[{"start":{"line":18,"column":8},"end":{"line":20,"column":9}},{"start":{},"end":{}}],"line":18},"6":{"loc":{"start":{"line":28,"column":8},"end":{"line":28,"column":38}},"type":"if","locations":[{"start":{"line":28,"column":8},"end":{"line":28,"column":38}},{"start":{},"end":{}}],"line":28},"7":{"loc":{"start":{"line":29,"column":8},"end":{"line":29,"column":74}},"type":"if","locations":[{"start":{"line":29,"column":8},"end":{"line":29,"column":74}},{"start":{},"end":{}}],"line":29},"8":{"loc":{"start":{"line":40,"column":8},"end":{"line":42,"column":9}},"type":"if","locations":[{"start":{"line":40,"column":8},"end":{"line":42,"column":9}},{"start":{},"end":{}}],"line":40},"9":{"loc":{"start":{"line":44,"column":31},"end":{"line":44,"column":63}},"type":"binary-expr","locations":[{"start":{"line":44,"column":31},"end":{"line":44,"column":57}},{"start":{"line":44,"column":61},"end":{"line":44,"column":63}}],"line":44},"10":{"loc":{"start":{"line":45,"column":23},"end":{"line":45,"column":54}},"type":"binary-expr","locations":[{"start":{"line":45,"column":23},"end":{"line":45,"column":49}},{"start":{"line":45,"column":53},"end":{"line":45,"column":54}}],"line":45},"11":{"loc":{"start":{"line":56,"column":8},"end":{"line":56,"column":38}},"type":"if","locations":[{"start":{"line":56,"column":8},"end":{"line":56,"column":38}},{"start":{},"end":{}}],"line":56},"12":{"loc":{"start":{"line":59,"column":26},"end":{"line":59,"column":44}},"type":"binary-expr","locations":[{"start":{"line":59,"column":26},"end":{"line":59,"column":38}},{"start":{"line":59,"column":42},"end":{"line":59,"column":44}}],"line":59},"13":{"loc":{"start":{"line":60,"column":19},"end":{"line":60,"column":29}},"type":"binary-expr","locations":[{"start":{"line":60,"column":19},"end":{"line":60,"column":24}},{"start":{"line":60,"column":28},"end":{"line":60,"column":29}}],"line":60}},"s":{"0":4,"1":0,"2":0,"3":0,"4":0,"5":0,"6":0,"7":0,"8":0,"9":0,"10":0,"11":0,"12":0,"13":0,"14":0,"15":0,"16":0,"17":0,"18":0,"19":0,"20":0,"21":0,"22":0,"23":0,"24":0,"25":0,"26":0,"27":0,"28":0,"29":0,"30":0},"f":{"0":0,"1":0,"2":0},"b":{"0":[4,4],"1":[0,0],"2":[0,0],"3":[0,0],"4":[0,0],"5":[0,0],"6":[0,0],"7":[0,0],"8":[0,0],"9":[0,0],"10":[0,0],"11":[0,0],"12":[0,0],"13":[0,0]},"_coverageSchema":"1a1c01bbd47fc00a2c39e90264f33305004495a9","hash":"780da373e0270c79ee8665d338aa6ebd79066cad"}
,"C:\\Users\\jason\\Downloads\\COM2020-Team-Project\\backend\\src\\controllers\\groups.controller.js": {"path":"C:\\Users\\jason\\Downloads\\COM2020-Team-Project\\backend\\src\\controllers\\groups.controller.js","statementMap":{"0":{"start":{"line":4,"column":4},"end":{"line":4,"column":70}},"1":{"start":{"line":7,"column":4},"end":{"line":7,"column":26}},"2":{"start":{"line":7,"column":14},"end":{"line":7,"column":26}},"3":{"start":{"line":9,"column":8},"end":{"line":9,"column":84}},"4":{"start":{"line":10,"column":4},"end":{"line":10,"column":40}},"5":{"start":{"line":10,"column":29},"end":{"line":10,"column":40}},"6":{"start":{"line":11,"column":4},"end":{"line":11,"column":66}},"7":{"start":{"line":11,"column":46},"end":{"line":11,"column":66}},"8":{"start":{"line":12,"column":4},"end":{"line":12,"column":15}},"9":{"start":{"line":16,"column":4},"end":{"line":44,"column":5}},"10":{"start":{"line":17,"column":40},"end":{"line":20,"column":47}},"11":{"start":{"line":22,"column":8},"end":{"line":22,"column":38}},"12":{"start":{"line":22,"column":19},"end":{"line":22,"column":38}},"13":{"start":{"line":24,"column":51},"end":{"line":26,"column":31}},"14":{"start":{"line":28,"column":8},"end":{"line":28,"column":48}},"15":{"start":{"line":28,"column":24},"end":{"line":28,"column":48}},"16":{"start":{"line":30,"column":23},"end":{"line":30,"column":32}},"17":{"start":{"line":31,"column":8},"end":{"line":34,"column":9}},"18":{"start":{"line":32,"column":12},"end":{"line":32,"column":41}},"19":{"start":{"line":32,"column":32},"end":{"line":32,"column":41}},"20":{"start":{"line":33,"column":12},"end":{"line":33,"column":76}},"21":{"start":{"line":36,"column":24},"end":{"line":39,"column":11}},"22":{"start":{"line":36,"column":55},"end":{"line":39,"column":9}},"23":{"start":{"line":41,"column":8},"end":{"line":41,"column":57}},"24":{"start":{"line":43,"column":8},"end":{"line":43,"column":18}},"25":{"start":{"line":48,"column":4},"end":{"line":111,"column":5}},"26":{"start":{"line":49,"column":27},"end":{"line":49,"column":88}},"27":{"start":{"line":50,"column":8},"end":{"line":54,"column":9}},"28":{"start":{"line":51,"column":12},"end":{"line":53,"column":15}},"29":{"start":{"line":56,"column":27},"end":{"line":56,"column":53}},"30":{"start":{"line":57,"column":24},"end":{"line":57,"column":42}},"31":{"start":{"line":58,"column":20},"end":{"line":58,"column":24}},"32":{"start":{"line":60,"column":8},"end":{"line":72,"column":9}},"33":{"start":{"line":61,"column":58},"end":{"line":65,"column":25}},"34":{"start":{"line":67,"column":12},"end":{"line":67,"column":52}},"35":{"start":{"line":67,"column":28},"end":{"line":67,"column":52}},"36":{"start":{"line":68,"column":12},"end":{"line":70,"column":13}},"37":{"start":{"line":69,"column":16},"end":{"line":69,"column":74}},"38":{"start":{"line":71,"column":12},"end":{"line":71,"column":29}},"39":{"start":{"line":74,"column":36},"end":{"line":78,"column":21}},"40":{"start":{"line":80,"column":32},"end":{"line":80,"column":61}},"41":{"start":{"line":82,"column":58},"end":{"line":87,"column":21}},"42":{"start":{"line":89,"column":8},"end":{"line":89,"column":50}},"43":{"start":{"line":89,"column":25},"end":{"line":89,"column":50}},"44":{"start":{"line":91,"column":8},"end":{"line":104,"column":9}},"45":{"start":{"line":92,"column":12},"end":{"line":97,"column":18}},"46":{"start":{"line":98,"column":15},"end":{"line":104,"column":9}},"47":{"start":{"line":99,"column":12},"end":{"line":103,"column":49}},"48":{"start":{"line":106,"column":8},"end":{"line":106,"column":66}},"49":{"start":{"line":110,"column":8},"end":{"line":110,"column":18}},"50":{"start":{"line":115,"column":4},"end":{"line":163,"column":5}},"51":{"start":{"line":116,"column":27},"end":{"line":116,"column":88}},"52":{"start":{"line":117,"column":8},"end":{"line":121,"column":9}},"53":{"start":{"line":118,"column":12},"end":{"line":120,"column":15}},"54":{"start":{"line":123,"column":21},"end":{"line":123,"column":50}},"55":{"start":{"line":124,"column":8},"end":{"line":126,"column":9}},"56":{"start":{"line":125,"column":12},"end":{"line":125,"column":75}},"57":{"start":{"line":128,"column":21},"end":{"line":128,"column":57}},"58":{"start":{"line":130,"column":47},"end":{"line":138,"column":21}},"59":{"start":{"line":140,"column":8},"end":{"line":140,"column":44}},"60":{"start":{"line":140,"column":22},"end":{"line":140,"column":44}},"61":{"start":{"line":142,"column":54},"end":{"line":147,"column":21}},"62":{"start":{"line":149,"column":8},"end":{"line":149,"column":46}},"63":{"start":{"line":149,"column":23},"end":{"line":149,"column":46}},"64":{"start":{"line":151,"column":39},"end":{"line":156,"column":13}},"65":{"start":{"line":158,"column":8},"end":{"line":158,"column":54}},"66":{"start":{"line":158,"column":27},"end":{"line":158,"column":54}},"67":{"start":{"line":160,"column":8},"end":{"line":160,"column":64}},"68":{"start":{"line":162,"column":8},"end":{"line":162,"column":18}},"69":{"start":{"line":167,"column":2},"end":{"line":257,"column":3}},"70":{"start":{"line":170,"column":22},"end":{"line":170,"column":83}},"71":{"start":{"line":171,"column":4},"end":{"line":173,"column":5}},"72":{"start":{"line":172,"column":6},"end":{"line":172,"column":85}},"73":{"start":{"line":175,"column":24},"end":{"line":175,"column":34}},"74":{"start":{"line":176,"column":20},"end":{"line":176,"column":60}},"75":{"start":{"line":178,"column":41},"end":{"line":182,"column":20}},"76":{"start":{"line":184,"column":4},"end":{"line":184,"column":32}},"77":{"start":{"line":184,"column":14},"end":{"line":184,"column":32}},"78":{"start":{"line":185,"column":4},"end":{"line":185,"column":74}},"79":{"start":{"line":185,"column":16},"end":{"line":185,"column":74}},"80":{"start":{"line":187,"column":28},"end":{"line":187,"column":61}},"81":{"start":{"line":188,"column":21},"end":{"line":188,"column":54}},"82":{"start":{"line":190,"column":4},"end":{"line":192,"column":5}},"83":{"start":{"line":191,"column":6},"end":{"line":191,"column":88}},"84":{"start":{"line":194,"column":22},"end":{"line":194,"column":26}},"85":{"start":{"line":196,"column":4},"end":{"line":214,"column":5}},"86":{"start":{"line":197,"column":30},"end":{"line":201,"column":22}},"87":{"start":{"line":203,"column":6},"end":{"line":203,"column":36}},"88":{"start":{"line":203,"column":17},"end":{"line":203,"column":36}},"89":{"start":{"line":204,"column":6},"end":{"line":204,"column":25}},"90":{"start":{"line":206,"column":30},"end":{"line":210,"column":22}},"91":{"start":{"line":212,"column":6},"end":{"line":212,"column":36}},"92":{"start":{"line":212,"column":17},"end":{"line":212,"column":36}},"93":{"start":{"line":213,"column":6},"end":{"line":213,"column":25}},"94":{"start":{"line":216,"column":4},"end":{"line":216,"column":87}},"95":{"start":{"line":216,"column":22},"end":{"line":216,"column":87}},"96":{"start":{"line":217,"column":4},"end":{"line":219,"column":5}},"97":{"start":{"line":218,"column":6},"end":{"line":218,"column":75}},"98":{"start":{"line":221,"column":4},"end":{"line":223,"column":5}},"99":{"start":{"line":222,"column":6},"end":{"line":222,"column":77}},"100":{"start":{"line":225,"column":42},"end":{"line":235,"column":15}},"101":{"start":{"line":237,"column":4},"end":{"line":244,"column":5}},"102":{"start":{"line":238,"column":6},"end":{"line":242,"column":7}},"103":{"start":{"line":239,"column":8},"end":{"line":241,"column":88}},"104":{"start":{"line":243,"column":6},"end":{"line":243,"column":24}},"105":{"start":{"line":246,"column":4},"end":{"line":254,"column":7}},"106":{"start":{"line":256,"column":4},"end":{"line":256,"column":14}}},"fnMap":{"0":{"name":"normalizeUserId","decl":{"start":{"line":6,"column":9},"end":{"line":6,"column":24}},"loc":{"start":{"line":6,"column":30},"end":{"line":13,"column":1}},"line":6},"1":{"name":"listGroups","decl":{"start":{"line":15,"column":22},"end":{"line":15,"column":32}},"loc":{"start":{"line":15,"column":49},"end":{"line":45,"column":1}},"line":15},"2":{"name":"(anonymous_2)","decl":{"start":{"line":36,"column":43},"end":{"line":36,"column":44}},"loc":{"start":{"line":36,"column":55},"end":{"line":39,"column":9}},"line":36},"3":{"name":"joinGroup","decl":{"start":{"line":47,"column":22},"end":{"line":47,"column":31}},"loc":{"start":{"line":47,"column":48},"end":{"line":112,"column":1}},"line":47},"4":{"name":"createGroup","decl":{"start":{"line":114,"column":22},"end":{"line":114,"column":33}},"loc":{"start":{"line":114,"column":50},"end":{"line":164,"column":1}},"line":114},"5":{"name":"createInvite","decl":{"start":{"line":166,"column":22},"end":{"line":166,"column":34}},"loc":{"start":{"line":166,"column":51},"end":{"line":258,"column":1}},"line":166}},"branchMap":{"0":{"loc":{"start":{"line":4,"column":4},"end":{"line":4,"column":70}},"type":"binary-expr","locations":[{"start":{"line":4,"column":4},"end":{"line":4,"column":28}},{"start":{"line":4,"column":32},"end":{"line":4,"column":70}}],"line":4},"1":{"loc":{"start":{"line":7,"column":4},"end":{"line":7,"column":26}},"type":"if","locations":[{"start":{"line":7,"column":4},"end":{"line":7,"column":26}},{"start":{},"end":{}}],"line":7},"2":{"loc":{"start":{"line":10,"column":4},"end":{"line":10,"column":40}},"type":"if","locations":[{"start":{"line":10,"column":4},"end":{"line":10,"column":40}},{"start":{},"end":{}}],"line":10},"3":{"loc":{"start":{"line":11,"column":4},"end":{"line":11,"column":66}},"type":"if","locations":[{"start":{"line":11,"column":4},"end":{"line":11,"column":66}},{"start":{},"end":{}}],"line":11},"4":{"loc":{"start":{"line":11,"column":8},"end":{"line":11,"column":44}},"type":"binary-expr","locations":[{"start":{"line":11,"column":8},"end":{"line":11,"column":27}},{"start":{"line":11,"column":31},"end":{"line":11,"column":44}}],"line":11},"5":{"loc":{"start":{"line":22,"column":8},"end":{"line":22,"column":38}},"type":"if","locations":[{"start":{"line":22,"column":8},"end":{"line":22,"column":38}},{"start":{},"end":{}}],"line":22},"6":{"loc":{"start":{"line":28,"column":8},"end":{"line":28,"column":48}},"type":"if","locations":[{"start":{"line":28,"column":8},"end":{"line":28,"column":48}},{"start":{},"end":{}}],"line":28},"7":{"loc":{"start":{"line":31,"column":27},"end":{"line":31,"column":38}},"type":"binary-expr","locations":[{"start":{"line":31,"column":27},"end":{"line":31,"column":32}},{"start":{"line":31,"column":36},"end":{"line":31,"column":38}}],"line":31},"8":{"loc":{"start":{"line":32,"column":12},"end":{"line":32,"column":41}},"type":"if","locations":[{"start":{"line":32,"column":12},"end":{"line":32,"column":41}},{"start":{},"end":{}}],"line":32},"9":{"loc":{"start":{"line":33,"column":39},"end":{"line":33,"column":69}},"type":"binary-expr","locations":[{"start":{"line":33,"column":39},"end":{"line":33,"column":64}},{"start":{"line":33,"column":68},"end":{"line":33,"column":69}}],"line":33},"10":{"loc":{"start":{"line":36,"column":25},"end":{"line":36,"column":37}},"type":"binary-expr","locations":[{"start":{"line":36,"column":25},"end":{"line":36,"column":31}},{"start":{"line":36,"column":35},"end":{"line":36,"column":37}}],"line":36},"11":{"loc":{"start":{"line":38,"column":26},"end":{"line":38,"column":57}},"type":"binary-expr","locations":[{"start":{"line":38,"column":26},"end":{"line":38,"column":52}},{"start":{"line":38,"column":56},"end":{"line":38,"column":57}}],"line":38},"12":{"loc":{"start":{"line":49,"column":43},"end":{"line":49,"column":87}},"type":"binary-expr","locations":[{"start":{"line":49,"column":43},"end":{"line":49,"column":66}},{"start":{"line":49,"column":70},"end":{"line":49,"column":87}}],"line":49},"13":{"loc":{"start":{"line":50,"column":8},"end":{"line":54,"column":9}},"type":"if","locations":[{"start":{"line":50,"column":8},"end":{"line":54,"column":9}},{"start":{},"end":{}}],"line":50},"14":{"loc":{"start":{"line":56,"column":27},"end":{"line":56,"column":53}},"type":"binary-expr","locations":[{"start":{"line":56,"column":27},"end":{"line":56,"column":45}},{"start":{"line":56,"column":49},"end":{"line":56,"column":53}}],"line":56},"15":{"loc":{"start":{"line":57,"column":24},"end":{"line":57,"column":42}},"type":"binary-expr","locations":[{"start":{"line":57,"column":24},"end":{"line":57,"column":34}},{"start":{"line":57,"column":38},"end":{"line":57,"column":42}}],"line":57},"16":{"loc":{"start":{"line":60,"column":8},"end":{"line":72,"column":9}},"type":"if","locations":[{"start":{"line":60,"column":8},"end":{"line":72,"column":9}},{"start":{},"end":{}}],"line":60},"17":{"loc":{"start":{"line":67,"column":12},"end":{"line":67,"column":52}},"type":"if","locations":[{"start":{"line":67,"column":12},"end":{"line":67,"column":52}},{"start":{},"end":{}}],"line":67},"18":{"loc":{"start":{"line":68,"column":12},"end":{"line":70,"column":13}},"type":"if","locations":[{"start":{"line":68,"column":12},"end":{"line":70,"column":13}},{"start":{},"end":{}}],"line":68},"19":{"loc":{"start":{"line":80,"column":32},"end":{"line":80,"column":61}},"type":"binary-expr","locations":[{"start":{"line":80,"column":32},"end":{"line":80,"column":53}},{"start":{"line":80,"column":57},"end":{"line":80,"column":61}}],"line":80},"20":{"loc":{"start":{"line":89,"column":8},"end":{"line":89,"column":50}},"type":"if","locations":[{"start":{"line":89,"column":8},"end":{"line":89,"column":50}},{"start":{},"end":{}}],"line":89},"21":{"loc":{"start":{"line":91,"column":8},"end":{"line":104,"column":9}},"type":"if","locations":[{"start":{"line":91,"column":8},"end":{"line":104,"column":9}},{"start":{"line":98,"column":15},"end":{"line":104,"column":9}}],"line":91},"22":{"loc":{"start":{"line":98,"column":15},"end":{"line":104,"column":9}},"type":"if","locations":[{"start":{"line":98,"column":15},"end":{"line":104,"column":9}},{"start":{},"end":{}}],"line":98},"23":{"loc":{"start":{"line":116,"column":43},"end":{"line":116,"column":87}},"type":"binary-expr","locations":[{"start":{"line":116,"column":43},"end":{"line":116,"column":66}},{"start":{"line":116,"column":70},"end":{"line":116,"column":87}}],"line":116},"24":{"loc":{"start":{"line":117,"column":8},"end":{"line":121,"column":9}},"type":"if","locations":[{"start":{"line":117,"column":8},"end":{"line":121,"column":9}},{"start":{},"end":{}}],"line":117},"25":{"loc":{"start":{"line":123,"column":22},"end":{"line":123,"column":42}},"type":"binary-expr","locations":[{"start":{"line":123,"column":22},"end":{"line":123,"column":36}},{"start":{"line":123,"column":40},"end":{"line":123,"column":42}}],"line":123},"26":{"loc":{"start":{"line":124,"column":8},"end":{"line":126,"column":9}},"type":"if","locations":[{"start":{"line":124,"column":8},"end":{"line":126,"column":9}},{"start":{},"end":{}}],"line":124},"27":{"loc":{"start":{"line":128,"column":22},"end":{"line":128,"column":49}},"type":"binary-expr","locations":[{"start":{"line":128,"column":22},"end":{"line":128,"column":36}},{"start":{"line":128,"column":40},"end":{"line":128,"column":49}}],"line":128},"28":{"loc":{"start":{"line":140,"column":8},"end":{"line":140,"column":44}},"type":"if","locations":[{"start":{"line":140,"column":8},"end":{"line":140,"column":44}},{"start":{},"end":{}}],"line":140},"29":{"loc":{"start":{"line":149,"column":8},"end":{"line":149,"column":46}},"type":"if","locations":[{"start":{"line":149,"column":8},"end":{"line":149,"column":46}},{"start":{},"end":{}}],"line":149},"30":{"loc":{"start":{"line":158,"column":8},"end":{"line":158,"column":54}},"type":"if","locations":[{"start":{"line":158,"column":8},"end":{"line":158,"column":54}},{"start":{},"end":{}}],"line":158},"31":{"loc":{"start":{"line":170,"column":38},"end":{"line":170,"column":82}},"type":"binary-expr","locations":[{"start":{"line":170,"column":38},"end":{"line":170,"column":61}},{"start":{"line":170,"column":65},"end":{"line":170,"column":82}}],"line":170},"32":{"loc":{"start":{"line":171,"column":4},"end":{"line":173,"column":5}},"type":"if","locations":[{"start":{"line":171,"column":4},"end":{"line":173,"column":5}},{"start":{},"end":{}}],"line":171},"33":{"loc":{"start":{"line":176,"column":20},"end":{"line":176,"column":60}},"type":"binary-expr","locations":[{"start":{"line":176,"column":20},"end":{"line":176,"column":52}},{"start":{"line":176,"column":56},"end":{"line":176,"column":60}}],"line":176},"34":{"loc":{"start":{"line":176,"column":21},"end":{"line":176,"column":44}},"type":"binary-expr","locations":[{"start":{"line":176,"column":21},"end":{"line":176,"column":38}},{"start":{"line":176,"column":42},"end":{"line":176,"column":44}}],"line":176},"35":{"loc":{"start":{"line":184,"column":4},"end":{"line":184,"column":32}},"type":"if","locations":[{"start":{"line":184,"column":4},"end":{"line":184,"column":32}},{"start":{},"end":{}}],"line":184},"36":{"loc":{"start":{"line":185,"column":4},"end":{"line":185,"column":74}},"type":"if","locations":[{"start":{"line":185,"column":4},"end":{"line":185,"column":74}},{"start":{},"end":{}}],"line":185},"37":{"loc":{"start":{"line":187,"column":28},"end":{"line":187,"column":61}},"type":"binary-expr","locations":[{"start":{"line":187,"column":28},"end":{"line":187,"column":53}},{"start":{"line":187,"column":57},"end":{"line":187,"column":61}}],"line":187},"38":{"loc":{"start":{"line":188,"column":22},"end":{"line":188,"column":46}},"type":"binary-expr","locations":[{"start":{"line":188,"column":22},"end":{"line":188,"column":40}},{"start":{"line":188,"column":44},"end":{"line":188,"column":46}}],"line":188},"39":{"loc":{"start":{"line":190,"column":4},"end":{"line":192,"column":5}},"type":"if","locations":[{"start":{"line":190,"column":4},"end":{"line":192,"column":5}},{"start":{},"end":{}}],"line":190},"40":{"loc":{"start":{"line":190,"column":8},"end":{"line":190,"column":37}},"type":"binary-expr","locations":[{"start":{"line":190,"column":8},"end":{"line":190,"column":24}},{"start":{"line":190,"column":28},"end":{"line":190,"column":37}}],"line":190},"41":{"loc":{"start":{"line":196,"column":4},"end":{"line":214,"column":5}},"type":"if","locations":[{"start":{"line":196,"column":4},"end":{"line":214,"column":5}},{"start":{"line":205,"column":11},"end":{"line":214,"column":5}}],"line":196},"42":{"loc":{"start":{"line":203,"column":6},"end":{"line":203,"column":36}},"type":"if","locations":[{"start":{"line":203,"column":6},"end":{"line":203,"column":36}},{"start":{},"end":{}}],"line":203},"43":{"loc":{"start":{"line":212,"column":6},"end":{"line":212,"column":36}},"type":"if","locations":[{"start":{"line":212,"column":6},"end":{"line":212,"column":36}},{"start":{},"end":{}}],"line":212},"44":{"loc":{"start":{"line":216,"column":4},"end":{"line":216,"column":87}},"type":"if","locations":[{"start":{"line":216,"column":4},"end":{"line":216,"column":87}},{"start":{},"end":{}}],"line":216},"45":{"loc":{"start":{"line":217,"column":4},"end":{"line":219,"column":5}},"type":"if","locations":[{"start":{"line":217,"column":4},"end":{"line":219,"column":5}},{"start":{},"end":{}}],"line":217},"46":{"loc":{"start":{"line":221,"column":4},"end":{"line":223,"column":5}},"type":"if","locations":[{"start":{"line":221,"column":4},"end":{"line":223,"column":5}},{"start":{},"end":{}}],"line":221},"47":{"loc":{"start":{"line":237,"column":4},"end":{"line":244,"column":5}},"type":"if","locations":[{"start":{"line":237,"column":4},"end":{"line":244,"column":5}},{"start":{},"end":{}}],"line":237},"48":{"loc":{"start":{"line":238,"column":6},"end":{"line":242,"column":7}},"type":"if","locations":[{"start":{"line":238,"column":6},"end":{"line":242,"column":7}},{"start":{},"end":{}}],"line":238}},"s":{"0":4,"1":3,"2":1,"3":2,"4":2,"5":0,"6":2,"7":2,"8":0,"9":0,"10":0,"11":0,"12":0,"13":0,"14":0,"15":0,"16":0,"17":0,"18":0,"19":0,"20":0,"21":0,"22":0,"23":0,"24":0,"25":0,"26":0,"27":0,"28":0,"29":0,"30":0,"31":0,"32":0,"33":0,"34":0,"35":0,"36":0,"37":0,"38":0,"39":0,"40":0,"41":0,"42":0,"43":0,"44":0,"45":0,"46":0,"47":0,"48":0,"49":0,"50":3,"51":3,"52":3,"53":1,"54":2,"55":2,"56":1,"57":1,"58":1,"59":1,"60":0,"61":1,"62":1,"63":0,"64":1,"65":1,"66":0,"67":1,"68":0,"69":0,"70":0,"71":0,"72":0,"73":0,"74":0,"75":0,"76":0,"77":0,"78":0,"79":0,"80":0,"81":0,"82":0,"83":0,"84":0,"85":0,"86":0,"87":0,"88":0,"89":0,"90":0,"91":0,"92":0,"93":0,"94":0,"95":0,"96":0,"97":0,"98":0,"99":0,"100":0,"101":0,"102":0,"103":0,"104":0,"105":0,"106":0},"f":{"0":3,"1":0,"2":0,"3":0,"4":3,"5":0},"b":{"0":[4,4],"1":[1,2],"2":[0,2],"3":[2,0],"4":[2,2],"5":[0,0],"6":[0,0],"7":[0,0],"8":[0,0],"9":[0,0],"10":[0,0],"11":[0,0],"12":[0,0],"13":[0,0],"14":[0,0],"15":[0,0],"16":[0,0],"17":[0,0],"18":[0,0],"19":[0,0],"20":[0,0],"21":[0,0],"22":[0,0],"23":[3,1],"24":[1,2],"25":[2,0],"26":[1,1],"27":[1,0],"28":[0,1],"29":[0,1],"30":[0,1],"31":[0,0],"32":[0,0],"33":[0,0],"34":[0,0],"35":[0,0],"36":[0,0],"37":[0,0],"38":[0,0],"39":[0,0],"40":[0,0],"41":[0,0],"42":[0,0],"43":[0,0],"44":[0,0],"45":[0,0],"46":[0,0],"47":[0,0],"48":[0,0]},"_coverageSchema":"1a1c01bbd47fc00a2c39e90264f33305004495a9","hash":"6ac282defca4f0046c062403137df75ff4694c1c"}
,"C:\\Users\\jason\\Downloads\\COM2020-Team-Project\\backend\\src\\controllers\\inventory.controller.js": {"path":"C:\\Users\\jason\\Downloads\\COM2020-Team-Project\\backend\\src\\controllers\\inventory.controller.js","statementMap":{"0":{"start":{"line":4,"column":4},"end":{"line":4,"column":70}},"1":{"start":{"line":7,"column":4},"end":{"line":7,"column":26}},"2":{"start":{"line":7,"column":14},"end":{"line":7,"column":26}},"3":{"start":{"line":9,"column":8},"end":{"line":9,"column":84}},"4":{"start":{"line":10,"column":4},"end":{"line":10,"column":40}},"5":{"start":{"line":10,"column":29},"end":{"line":10,"column":40}},"6":{"start":{"line":11,"column":4},"end":{"line":11,"column":68}},"7":{"start":{"line":11,"column":48},"end":{"line":11,"column":68}},"8":{"start":{"line":12,"column":4},"end":{"line":12,"column":15}},"9":{"start":{"line":16,"column":4},"end":{"line":55,"column":5}},"10":{"start":{"line":17,"column":23},"end":{"line":17,"column":63}},"11":{"start":{"line":18,"column":8},"end":{"line":20,"column":9}},"12":{"start":{"line":19,"column":12},"end":{"line":19,"column":93}},"13":{"start":{"line":22,"column":43},"end":{"line":26,"column":26}},"14":{"start":{"line":28,"column":8},"end":{"line":28,"column":40}},"15":{"start":{"line":28,"column":20},"end":{"line":28,"column":40}},"16":{"start":{"line":29,"column":8},"end":{"line":29,"column":85}},"17":{"start":{"line":29,"column":18},"end":{"line":29,"column":85}},"18":{"start":{"line":31,"column":41},"end":{"line":48,"column":55}},"19":{"start":{"line":50,"column":8},"end":{"line":50,"column":38}},"20":{"start":{"line":50,"column":19},"end":{"line":50,"column":38}},"21":{"start":{"line":52,"column":8},"end":{"line":52,"column":66}},"22":{"start":{"line":54,"column":8},"end":{"line":54,"column":18}},"23":{"start":{"line":59,"column":4},"end":{"line":119,"column":5}},"24":{"start":{"line":60,"column":23},"end":{"line":60,"column":63}},"25":{"start":{"line":61,"column":8},"end":{"line":63,"column":9}},"26":{"start":{"line":62,"column":12},"end":{"line":62,"column":93}},"27":{"start":{"line":65,"column":27},"end":{"line":65,"column":37}},"28":{"start":{"line":66,"column":43},"end":{"line":70,"column":26}},"29":{"start":{"line":72,"column":8},"end":{"line":72,"column":40}},"30":{"start":{"line":72,"column":20},"end":{"line":72,"column":40}},"31":{"start":{"line":73,"column":8},"end":{"line":73,"column":85}},"32":{"start":{"line":73,"column":18},"end":{"line":73,"column":85}},"33":{"start":{"line":75,"column":47},"end":{"line":80,"column":26}},"34":{"start":{"line":82,"column":8},"end":{"line":82,"column":44}},"35":{"start":{"line":82,"column":22},"end":{"line":82,"column":44}},"36":{"start":{"line":83,"column":8},"end":{"line":83,"column":93}},"37":{"start":{"line":83,"column":20},"end":{"line":83,"column":93}},"38":{"start":{"line":84,"column":8},"end":{"line":84,"column":93}},"39":{"start":{"line":84,"column":28},"end":{"line":84,"column":93}},"40":{"start":{"line":86,"column":25},"end":{"line":86,"column":46}},"41":{"start":{"line":87,"column":8},"end":{"line":105,"column":9}},"42":{"start":{"line":88,"column":57},"end":{"line":91,"column":41}},"43":{"start":{"line":93,"column":12},"end":{"line":93,"column":44}},"44":{"start":{"line":93,"column":24},"end":{"line":93,"column":44}},"45":{"start":{"line":95,"column":36},"end":{"line":95,"column":77}},"46":{"start":{"line":95,"column":67},"end":{"line":95,"column":76}},"47":{"start":{"line":97,"column":12},"end":{"line":104,"column":13}},"48":{"start":{"line":98,"column":16},"end":{"line":103,"column":52}},"49":{"start":{"line":107,"column":49},"end":{"line":112,"column":21}},"50":{"start":{"line":114,"column":8},"end":{"line":114,"column":44}},"51":{"start":{"line":114,"column":22},"end":{"line":114,"column":44}},"52":{"start":{"line":116,"column":8},"end":{"line":116,"column":90}},"53":{"start":{"line":118,"column":8},"end":{"line":118,"column":18}},"54":{"start":{"line":123,"column":4},"end":{"line":163,"column":5}},"55":{"start":{"line":124,"column":23},"end":{"line":124,"column":63}},"56":{"start":{"line":125,"column":8},"end":{"line":127,"column":9}},"57":{"start":{"line":126,"column":12},"end":{"line":126,"column":93}},"58":{"start":{"line":129,"column":25},"end":{"line":129,"column":35}},"59":{"start":{"line":131,"column":43},"end":{"line":135,"column":26}},"60":{"start":{"line":137,"column":8},"end":{"line":137,"column":40}},"61":{"start":{"line":137,"column":20},"end":{"line":137,"column":40}},"62":{"start":{"line":138,"column":8},"end":{"line":138,"column":85}},"63":{"start":{"line":138,"column":18},"end":{"line":138,"column":85}},"64":{"start":{"line":140,"column":47},"end":{"line":145,"column":26}},"65":{"start":{"line":147,"column":8},"end":{"line":147,"column":44}},"66":{"start":{"line":147,"column":22},"end":{"line":147,"column":44}},"67":{"start":{"line":148,"column":8},"end":{"line":148,"column":93}},"68":{"start":{"line":148,"column":19},"end":{"line":148,"column":93}},"69":{"start":{"line":149,"column":8},"end":{"line":149,"column":100}},"70":{"start":{"line":149,"column":29},"end":{"line":149,"column":100}},"71":{"start":{"line":151,"column":52},"end":{"line":156,"column":21}},"72":{"start":{"line":158,"column":8},"end":{"line":158,"column":50}},"73":{"start":{"line":158,"column":25},"end":{"line":158,"column":50}},"74":{"start":{"line":160,"column":8},"end":{"line":160,"column":92}},"75":{"start":{"line":162,"column":8},"end":{"line":162,"column":18}}},"fnMap":{"0":{"name":"normalizeUserId","decl":{"start":{"line":6,"column":9},"end":{"line":6,"column":24}},"loc":{"start":{"line":6,"column":30},"end":{"line":13,"column":1}},"line":6},"1":{"name":"getInventory","decl":{"start":{"line":15,"column":22},"end":{"line":15,"column":34}},"loc":{"start":{"line":15,"column":51},"end":{"line":56,"column":1}},"line":15},"2":{"name":"equipItem","decl":{"start":{"line":58,"column":22},"end":{"line":58,"column":31}},"loc":{"start":{"line":58,"column":48},"end":{"line":120,"column":1}},"line":58},"3":{"name":"(anonymous_3)","decl":{"start":{"line":95,"column":62},"end":{"line":95,"column":63}},"loc":{"start":{"line":95,"column":67},"end":{"line":95,"column":76}},"line":95},"4":{"name":"unequipItem","decl":{"start":{"line":122,"column":22},"end":{"line":122,"column":33}},"loc":{"start":{"line":122,"column":50},"end":{"line":164,"column":1}},"line":122}},"branchMap":{"0":{"loc":{"start":{"line":4,"column":4},"end":{"line":4,"column":70}},"type":"binary-expr","locations":[{"start":{"line":4,"column":4},"end":{"line":4,"column":28}},{"start":{"line":4,"column":32},"end":{"line":4,"column":70}}],"line":4},"1":{"loc":{"start":{"line":7,"column":4},"end":{"line":7,"column":26}},"type":"if","locations":[{"start":{"line":7,"column":4},"end":{"line":7,"column":26}},{"start":{},"end":{}}],"line":7},"2":{"loc":{"start":{"line":10,"column":4},"end":{"line":10,"column":40}},"type":"if","locations":[{"start":{"line":10,"column":4},"end":{"line":10,"column":40}},{"start":{},"end":{}}],"line":10},"3":{"loc":{"start":{"line":11,"column":4},"end":{"line":11,"column":68}},"type":"if","locations":[{"start":{"line":11,"column":4},"end":{"line":11,"column":68}},{"start":{},"end":{}}],"line":11},"4":{"loc":{"start":{"line":11,"column":8},"end":{"line":11,"column":46}},"type":"binary-expr","locations":[{"start":{"line":11,"column":8},"end":{"line":11,"column":28}},{"start":{"line":11,"column":32},"end":{"line":11,"column":46}}],"line":11},"5":{"loc":{"start":{"line":18,"column":8},"end":{"line":20,"column":9}},"type":"if","locations":[{"start":{"line":18,"column":8},"end":{"line":20,"column":9}},{"start":{},"end":{}}],"line":18},"6":{"loc":{"start":{"line":28,"column":8},"end":{"line":28,"column":40}},"type":"if","locations":[{"start":{"line":28,"column":8},"end":{"line":28,"column":40}},{"start":{},"end":{}}],"line":28},"7":{"loc":{"start":{"line":29,"column":8},"end":{"line":29,"column":85}},"type":"if","locations":[{"start":{"line":29,"column":8},"end":{"line":29,"column":85}},{"start":{},"end":{}}],"line":29},"8":{"loc":{"start":{"line":50,"column":8},"end":{"line":50,"column":38}},"type":"if","locations":[{"start":{"line":50,"column":8},"end":{"line":50,"column":38}},{"start":{},"end":{}}],"line":50},"9":{"loc":{"start":{"line":52,"column":48},"end":{"line":52,"column":63}},"type":"binary-expr","locations":[{"start":{"line":52,"column":48},"end":{"line":52,"column":57}},{"start":{"line":52,"column":61},"end":{"line":52,"column":63}}],"line":52},"10":{"loc":{"start":{"line":61,"column":8},"end":{"line":63,"column":9}},"type":"if","locations":[{"start":{"line":61,"column":8},"end":{"line":63,"column":9}},{"start":{},"end":{}}],"line":61},"11":{"loc":{"start":{"line":72,"column":8},"end":{"line":72,"column":40}},"type":"if","locations":[{"start":{"line":72,"column":8},"end":{"line":72,"column":40}},{"start":{},"end":{}}],"line":72},"12":{"loc":{"start":{"line":73,"column":8},"end":{"line":73,"column":85}},"type":"if","locations":[{"start":{"line":73,"column":8},"end":{"line":73,"column":85}},{"start":{},"end":{}}],"line":73},"13":{"loc":{"start":{"line":82,"column":8},"end":{"line":82,"column":44}},"type":"if","locations":[{"start":{"line":82,"column":8},"end":{"line":82,"column":44}},{"start":{},"end":{}}],"line":82},"14":{"loc":{"start":{"line":83,"column":8},"end":{"line":83,"column":93}},"type":"if","locations":[{"start":{"line":83,"column":8},"end":{"line":83,"column":93}},{"start":{},"end":{}}],"line":83},"15":{"loc":{"start":{"line":84,"column":8},"end":{"line":84,"column":93}},"type":"if","locations":[{"start":{"line":84,"column":8},"end":{"line":84,"column":93}},{"start":{},"end":{}}],"line":84},"16":{"loc":{"start":{"line":87,"column":8},"end":{"line":105,"column":9}},"type":"if","locations":[{"start":{"line":87,"column":8},"end":{"line":105,"column":9}},{"start":{},"end":{}}],"line":87},"17":{"loc":{"start":{"line":93,"column":12},"end":{"line":93,"column":44}},"type":"if","locations":[{"start":{"line":93,"column":12},"end":{"line":93,"column":44}},{"start":{},"end":{}}],"line":93},"18":{"loc":{"start":{"line":95,"column":37},"end":{"line":95,"column":56}},"type":"binary-expr","locations":[{"start":{"line":95,"column":37},"end":{"line":95,"column":50}},{"start":{"line":95,"column":54},"end":{"line":95,"column":56}}],"line":95},"19":{"loc":{"start":{"line":97,"column":12},"end":{"line":104,"column":13}},"type":"if","locations":[{"start":{"line":97,"column":12},"end":{"line":104,"column":13}},{"start":{},"end":{}}],"line":97},"20":{"loc":{"start":{"line":114,"column":8},"end":{"line":114,"column":44}},"type":"if","locations":[{"start":{"line":114,"column":8},"end":{"line":114,"column":44}},{"start":{},"end":{}}],"line":114},"21":{"loc":{"start":{"line":125,"column":8},"end":{"line":127,"column":9}},"type":"if","locations":[{"start":{"line":125,"column":8},"end":{"line":127,"column":9}},{"start":{},"end":{}}],"line":125},"22":{"loc":{"start":{"line":137,"column":8},"end":{"line":137,"column":40}},"type":"if","locations":[{"start":{"line":137,"column":8},"end":{"line":137,"column":40}},{"start":{},"end":{}}],"line":137},"23":{"loc":{"start":{"line":138,"column":8},"end":{"line":138,"column":85}},"type":"if","locations":[{"start":{"line":138,"column":8},"end":{"line":138,"column":85}},{"start":{},"end":{}}],"line":138},"24":{"loc":{"start":{"line":147,"column":8},"end":{"line":147,"column":44}},"type":"if","locations":[{"start":{"line":147,"column":8},"end":{"line":147,"column":44}},{"start":{},"end":{}}],"line":147},"25":{"loc":{"start":{"line":148,"column":8},"end":{"line":148,"column":93}},"type":"if","locations":[{"start":{"line":148,"column":8},"end":{"line":148,"column":93}},{"start":{},"end":{}}],"line":148},"26":{"loc":{"start":{"line":149,"column":8},"end":{"line":149,"column":100}},"type":"if","locations":[{"start":{"line":149,"column":8},"end":{"line":149,"column":100}},{"start":{},"end":{}}],"line":149},"27":{"loc":{"start":{"line":158,"column":8},"end":{"line":158,"column":50}},"type":"if","locations":[{"start":{"line":158,"column":8},"end":{"line":158,"column":50}},{"start":{},"end":{}}],"line":158}},"s":{"0":4,"1":0,"2":0,"3":0,"4":0,"5":0,"6":0,"7":0,"8":0,"9":0,"10":0,"11":0,"12":0,"13":0,"14":0,"15":0,"16":0,"17":0,"18":0,"19":0,"20":0,"21":0,"22":0,"23":0,"24":0,"25":0,"26":0,"27":0,"28":0,"29":0,"30":0,"31":0,"32":0,"33":0,"34":0,"35":0,"36":0,"37":0,"38":0,"39":0,"40":0,"41":0,"42":0,"43":0,"44":0,"45":0,"46":0,"47":0,"48":0,"49":0,"50":0,"51":0,"52":0,"53":0,"54":0,"55":0,"56":0,"57":0,"58":0,"59":0,"60":0,"61":0,"62":0,"63":0,"64":0,"65":0,"66":0,"67":0,"68":0,"69":0,"70":0,"71":0,"72":0,"73":0,"74":0,"75":0},"f":{"0":0,"1":0,"2":0,"3":0,"4":0},"b":{"0":[4,4],"1":[0,0],"2":[0,0],"3":[0,0],"4":[0,0],"5":[0,0],"6":[0,0],"7":[0,0],"8":[0,0],"9":[0,0],"10":[0,0],"11":[0,0],"12":[0,0],"13":[0,0],"14":[0,0],"15":[0,0],"16":[0,0],"17":[0,0],"18":[0,0],"19":[0,0],"20":[0,0],"21":[0,0],"22":[0,0],"23":[0,0],"24":[0,0],"25":[0,0],"26":[0,0],"27":[0,0]},"_coverageSchema":"1a1c01bbd47fc00a2c39e90264f33305004495a9","hash":"0e1ebd32f03e1e931de86355eef2ddd93a0493f4"}
,"C:\\Users\\jason\\Downloads\\COM2020-Team-Project\\backend\\src\\controllers\\invites.controller.js": {"path":"C:\\Users\\jason\\Downloads\\COM2020-Team-Project\\backend\\src\\controllers\\invites.controller.js","statementMap":{"0":{"start":{"line":4,"column":4},"end":{"line":4,"column":70}},"1":{"start":{"line":7,"column":4},"end":{"line":7,"column":26}},"2":{"start":{"line":7,"column":14},"end":{"line":7,"column":26}},"3":{"start":{"line":9,"column":8},"end":{"line":9,"column":84}},"4":{"start":{"line":10,"column":4},"end":{"line":10,"column":40}},"5":{"start":{"line":10,"column":29},"end":{"line":10,"column":40}},"6":{"start":{"line":11,"column":4},"end":{"line":11,"column":68}},"7":{"start":{"line":11,"column":48},"end":{"line":11,"column":68}},"8":{"start":{"line":12,"column":4},"end":{"line":12,"column":15}},"9":{"start":{"line":16,"column":4},"end":{"line":35,"column":5}},"10":{"start":{"line":17,"column":23},"end":{"line":17,"column":85}},"11":{"start":{"line":18,"column":8},"end":{"line":18,"column":88}},"12":{"start":{"line":18,"column":21},"end":{"line":18,"column":88}},"13":{"start":{"line":20,"column":30},"end":{"line":28,"column":52}},"14":{"start":{"line":30,"column":8},"end":{"line":30,"column":38}},"15":{"start":{"line":30,"column":19},"end":{"line":30,"column":38}},"16":{"start":{"line":32,"column":8},"end":{"line":32,"column":40}},"17":{"start":{"line":34,"column":8},"end":{"line":34,"column":18}},"18":{"start":{"line":39,"column":4},"end":{"line":96,"column":5}},"19":{"start":{"line":40,"column":8},"end":{"line":40,"column":45}},"20":{"start":{"line":41,"column":23},"end":{"line":41,"column":85}},"21":{"start":{"line":42,"column":8},"end":{"line":42,"column":88}},"22":{"start":{"line":42,"column":21},"end":{"line":42,"column":88}},"23":{"start":{"line":44,"column":27},"end":{"line":44,"column":37}},"24":{"start":{"line":45,"column":25},"end":{"line":45,"column":43}},"25":{"start":{"line":47,"column":8},"end":{"line":49,"column":9}},"26":{"start":{"line":48,"column":12},"end":{"line":48,"column":91}},"27":{"start":{"line":51,"column":46},"end":{"line":55,"column":21}},"28":{"start":{"line":57,"column":8},"end":{"line":57,"column":40}},"29":{"start":{"line":57,"column":20},"end":{"line":57,"column":40}},"30":{"start":{"line":58,"column":8},"end":{"line":58,"column":78}},"31":{"start":{"line":58,"column":21},"end":{"line":58,"column":78}},"32":{"start":{"line":60,"column":8},"end":{"line":62,"column":9}},"33":{"start":{"line":61,"column":12},"end":{"line":61,"column":97}},"34":{"start":{"line":64,"column":26},"end":{"line":64,"column":73}},"35":{"start":{"line":66,"column":53},"end":{"line":71,"column":21}},"36":{"start":{"line":73,"column":8},"end":{"line":73,"column":40}},"37":{"start":{"line":73,"column":20},"end":{"line":73,"column":40}},"38":{"start":{"line":75,"column":8},"end":{"line":91,"column":9}},"39":{"start":{"line":76,"column":37},"end":{"line":79,"column":38}},"40":{"start":{"line":81,"column":12},"end":{"line":81,"column":46}},"41":{"start":{"line":81,"column":25},"end":{"line":81,"column":46}},"42":{"start":{"line":83,"column":36},"end":{"line":88,"column":17}},"43":{"start":{"line":90,"column":12},"end":{"line":90,"column":44}},"44":{"start":{"line":90,"column":24},"end":{"line":90,"column":44}},"45":{"start":{"line":93,"column":8},"end":{"line":93,"column":42}},"46":{"start":{"line":95,"column":8},"end":{"line":95,"column":18}}},"fnMap":{"0":{"name":"normalizeUserId","decl":{"start":{"line":6,"column":9},"end":{"line":6,"column":24}},"loc":{"start":{"line":6,"column":30},"end":{"line":13,"column":1}},"line":6},"1":{"name":"listInvites","decl":{"start":{"line":15,"column":22},"end":{"line":15,"column":33}},"loc":{"start":{"line":15,"column":50},"end":{"line":36,"column":1}},"line":15},"2":{"name":"respondToInvite","decl":{"start":{"line":38,"column":22},"end":{"line":38,"column":37}},"loc":{"start":{"line":38,"column":54},"end":{"line":97,"column":1}},"line":38}},"branchMap":{"0":{"loc":{"start":{"line":4,"column":4},"end":{"line":4,"column":70}},"type":"binary-expr","locations":[{"start":{"line":4,"column":4},"end":{"line":4,"column":28}},{"start":{"line":4,"column":32},"end":{"line":4,"column":70}}],"line":4},"1":{"loc":{"start":{"line":7,"column":4},"end":{"line":7,"column":26}},"type":"if","locations":[{"start":{"line":7,"column":4},"end":{"line":7,"column":26}},{"start":{},"end":{}}],"line":7},"2":{"loc":{"start":{"line":10,"column":4},"end":{"line":10,"column":40}},"type":"if","locations":[{"start":{"line":10,"column":4},"end":{"line":10,"column":40}},{"start":{},"end":{}}],"line":10},"3":{"loc":{"start":{"line":11,"column":4},"end":{"line":11,"column":68}},"type":"if","locations":[{"start":{"line":11,"column":4},"end":{"line":11,"column":68}},{"start":{},"end":{}}],"line":11},"4":{"loc":{"start":{"line":11,"column":8},"end":{"line":11,"column":46}},"type":"binary-expr","locations":[{"start":{"line":11,"column":8},"end":{"line":11,"column":28}},{"start":{"line":11,"column":32},"end":{"line":11,"column":46}}],"line":11},"5":{"loc":{"start":{"line":17,"column":39},"end":{"line":17,"column":84}},"type":"binary-expr","locations":[{"start":{"line":17,"column":39},"end":{"line":17,"column":63}},{"start":{"line":17,"column":67},"end":{"line":17,"column":84}}],"line":17},"6":{"loc":{"start":{"line":18,"column":8},"end":{"line":18,"column":88}},"type":"if","locations":[{"start":{"line":18,"column":8},"end":{"line":18,"column":88}},{"start":{},"end":{}}],"line":18},"7":{"loc":{"start":{"line":30,"column":8},"end":{"line":30,"column":38}},"type":"if","locations":[{"start":{"line":30,"column":8},"end":{"line":30,"column":38}},{"start":{},"end":{}}],"line":30},"8":{"loc":{"start":{"line":32,"column":27},"end":{"line":32,"column":37}},"type":"binary-expr","locations":[{"start":{"line":32,"column":27},"end":{"line":32,"column":31}},{"start":{"line":32,"column":35},"end":{"line":32,"column":37}}],"line":32},"9":{"loc":{"start":{"line":41,"column":39},"end":{"line":41,"column":84}},"type":"binary-expr","locations":[{"start":{"line":41,"column":39},"end":{"line":41,"column":63}},{"start":{"line":41,"column":67},"end":{"line":41,"column":84}}],"line":41},"10":{"loc":{"start":{"line":42,"column":8},"end":{"line":42,"column":88}},"type":"if","locations":[{"start":{"line":42,"column":8},"end":{"line":42,"column":88}},{"start":{},"end":{}}],"line":42},"11":{"loc":{"start":{"line":47,"column":8},"end":{"line":49,"column":9}},"type":"if","locations":[{"start":{"line":47,"column":8},"end":{"line":49,"column":9}},{"start":{},"end":{}}],"line":47},"12":{"loc":{"start":{"line":47,"column":12},"end":{"line":47,"column":66}},"type":"binary-expr","locations":[{"start":{"line":47,"column":12},"end":{"line":47,"column":21}},{"start":{"line":47,"column":25},"end":{"line":47,"column":66}}],"line":47},"13":{"loc":{"start":{"line":57,"column":8},"end":{"line":57,"column":40}},"type":"if","locations":[{"start":{"line":57,"column":8},"end":{"line":57,"column":40}},{"start":{},"end":{}}],"line":57},"14":{"loc":{"start":{"line":58,"column":8},"end":{"line":58,"column":78}},"type":"if","locations":[{"start":{"line":58,"column":8},"end":{"line":58,"column":78}},{"start":{},"end":{}}],"line":58},"15":{"loc":{"start":{"line":60,"column":8},"end":{"line":62,"column":9}},"type":"if","locations":[{"start":{"line":60,"column":8},"end":{"line":62,"column":9}},{"start":{},"end":{}}],"line":60},"16":{"loc":{"start":{"line":64,"column":26},"end":{"line":64,"column":73}},"type":"cond-expr","locations":[{"start":{"line":64,"column":50},"end":{"line":64,"column":60}},{"start":{"line":64,"column":63},"end":{"line":64,"column":73}}],"line":64},"17":{"loc":{"start":{"line":73,"column":8},"end":{"line":73,"column":40}},"type":"if","locations":[{"start":{"line":73,"column":8},"end":{"line":73,"column":40}},{"start":{},"end":{}}],"line":73},"18":{"loc":{"start":{"line":75,"column":8},"end":{"line":91,"column":9}},"type":"if","locations":[{"start":{"line":75,"column":8},"end":{"line":91,"column":9}},{"start":{},"end":{}}],"line":75},"19":{"loc":{"start":{"line":81,"column":12},"end":{"line":81,"column":46}},"type":"if","locations":[{"start":{"line":81,"column":12},"end":{"line":81,"column":46}},{"start":{},"end":{}}],"line":81},"20":{"loc":{"start":{"line":90,"column":12},"end":{"line":90,"column":44}},"type":"if","locations":[{"start":{"line":90,"column":12},"end":{"line":90,"column":44}},{"start":{},"end":{}}],"line":90}},"s":{"0":4,"1":0,"2":0,"3":0,"4":0,"5":0,"6":0,"7":0,"8":0,"9":0,"10":0,"11":0,"12":0,"13":0,"14":0,"15":0,"16":0,"17":0,"18":0,"19":0,"20":0,"21":0,"22":0,"23":0,"24":0,"25":0,"26":0,"27":0,"28":0,"29":0,"30":0,"31":0,"32":0,"33":0,"34":0,"35":0,"36":0,"37":0,"38":0,"39":0,"40":0,"41":0,"42":0,"43":0,"44":0,"45":0,"46":0},"f":{"0":0,"1":0,"2":0},"b":{"0":[4,4],"1":[0,0],"2":[0,0],"3":[0,0],"4":[0,0],"5":[0,0],"6":[0,0],"7":[0,0],"8":[0,0],"9":[0,0],"10":[0,0],"11":[0,0],"12":[0,0],"13":[0,0],"14":[0,0],"15":[0,0],"16":[0,0],"17":[0,0],"18":[0,0],"19":[0,0],"20":[0,0]},"_coverageSchema":"1a1c01bbd47fc00a2c39e90264f33305004495a9","hash":"044e2cda18e7086d2650e68f9120c7554ac5ac88"}
[...]
":[{"start":{"line":99,"column":71},"end":{"line":99,"column":88}},{"start":{"line":99,"column":92},"end":{"line":99,"column":93}}],"line":99},"29":{"loc":{"start":{"line":104,"column":8},"end":{"line":106,"column":9}},"type":"if","locations":[{"start":{"line":104,"column":8},"end":{"line":106,"column":9}},{"start":{},"end":{}}],"line":104},"30":{"loc":{"start":{"line":122,"column":8},"end":{"line":122,"column":46}},"type":"if","locations":[{"start":{"line":122,"column":8},"end":{"line":122,"column":46}},{"start":{},"end":{}}],"line":122},"31":{"loc":{"start":{"line":124,"column":8},"end":{"line":129,"column":9}},"type":"if","locations":[{"start":{"line":124,"column":8},"end":{"line":129,"column":9}},{"start":{},"end":{}}],"line":124},"32":{"loc":{"start":{"line":124,"column":13},"end":{"line":124,"column":25}},"type":"binary-expr","locations":[{"start":{"line":124,"column":13},"end":{"line":124,"column":19}},{"start":{"line":124,"column":23},"end":{"line":124,"column":25}}],"line":124},"33":{"loc":{"start":{"line":130,"column":8},"end":{"line":135,"column":9}},"type":"if","locations":[{"start":{"line":130,"column":8},"end":{"line":135,"column":9}},{"start":{},"end":{}}],"line":130},"34":{"loc":{"start":{"line":140,"column":21},"end":{"line":140,"column":69}},"type":"cond-expr","locations":[{"start":{"line":140,"column":40},"end":{"line":140,"column":56}},{"start":{"line":140,"column":59},"end":{"line":140,"column":69}}],"line":140},"35":{"loc":{"start":{"line":141,"column":8},"end":{"line":141,"column":56}},"type":"if","locations":[{"start":{"line":141,"column":8},"end":{"line":141,"column":56}},{"start":{},"end":{}}],"line":141},"36":{"loc":{"start":{"line":158,"column":8},"end":{"line":158,"column":40}},"type":"if","locations":[{"start":{"line":158,"column":8},"end":{"line":158,"column":40}},{"start":{},"end":{}}],"line":158},"37":{"loc":{"start":{"line":160,"column":8},"end":{"line":173,"column":9}},"type":"if","locations":[{"start":{"line":160,"column":8},"end":{"line":173,"column":9}},{"start":{},"end":{}}],"line":160},"38":{"loc":{"start":{"line":172,"column":12},"end":{"line":172,"column":46}},"type":"if","locations":[{"start":{"line":172,"column":12},"end":{"line":172,"column":46}},{"start":{},"end":{}}],"line":172}},"s":{"0":4,"1":0,"2":0,"3":0,"4":0,"5":0,"6":0,"7":0,"8":0,"9":0,"10":0,"11":0,"12":0,"13":0,"14":0,"15":0,"16":0,"17":0,"18":0,"19":0,"20":0,"21":0,"22":0,"23":0,"24":0,"25":0,"26":0,"27":0,"28":0,"29":0,"30":0,"31":0,"32":0,"33":0,"34":0,"35":0,"36":0,"37":0,"38":0,"39":0,"40":0,"41":0,"42":0,"43":0,"44":0,"45":0,"46":0,"47":0,"48":0,"49":0,"50":0,"51":0,"52":0,"53":0,"54":0,"55":0,"56":0,"57":0,"58":0,"59":0,"60":0,"61":0,"62":0,"63":0,"64":0,"65":0,"66":0,"67":0,"68":0,"69":0,"70":0,"71":0,"72":0,"73":0,"74":0,"75":0,"76":0,"77":0,"78":0,"79":0,"80":0,"81":0,"82":0,"83":0},"f":{"0":0,"1":0,"2":0,"3":0,"4":0},"b":{"0":[4,4],"1":[0,0],"2":[0,0],"3":[0,0],"4":[0,0],"5":[0,0],"6":[0,0],"7":[0,0],"8":[0,0],"9":[0,0],"10":[0,0],"11":[0,0,0],"12":[0,0],"13":[0,0],"14":[0,0],"15":[0,0],"16":[0,0],"17":[0,0],"18":[0,0],"19":[0,0],"20":[0,0],"21":[0,0],"22":[0,0],"23":[0,0],"24":[0,0],"25":[0,0],"26":[0,0],"27":[0,0],"28":[0,0],"29":[0,0],"30":[0,0],"31":[0,0],"32":[0,0],"33":[0,0],"34":[0,0],"35":[0,0],"36":[0,0],"37":[0,0],"38":[0,0]},"_coverageSchema":"1a1c01bbd47fc00a2c39e90264f33305004495a9","hash":"d5acc46d4a1817080cc0d35540515cd28ea090e2"}
,"C:\\Users\\jason\\Downloads\\COM2020-Team-Project\\backend\\src\\lib\\supabaseClient.js": {"path":"C:\\Users\\jason\\Downloads\\COM2020-Team-Project\\backend\\src\\lib\\supabaseClient.js","statementMap":{"0":{"start":{"line":4,"column":12},"end":{"line":4,"column":36}},"1":{"start":{"line":5,"column":20},"end":{"line":5,"column":56}},"2":{"start":{"line":6,"column":15},"end":{"line":6,"column":46}},"3":{"start":{"line":8,"column":0},"end":{"line":10,"column":1}},"4":{"start":{"line":9,"column":4},"end":{"line":9,"column":62}},"5":{"start":{"line":12,"column":28},"end":{"line":12,"column":58}},"6":{"start":{"line":13,"column":29},"end":{"line":13,"column":54}}},"fnMap":{},"branchMap":{"0":{"loc":{"start":{"line":8,"column":0},"end":{"line":10,"column":1}},"type":"if","locations":[{"start":{"line":8,"column":0},"end":{"line":10,"column":1}},{"start":{},"end":{}}],"line":8},"1":{"loc":{"start":{"line":8,"column":4},"end":{"line":8,"column":35}},"type":"binary-expr","locations":[{"start":{"line":8,"column":4},"end":{"line":8,"column":8}},{"start":{"line":8,"column":12},"end":{"line":8,"column":24}},{"start":{"line":8,"column":28},"end":{"line":8,"column":35}}],"line":8}},"s":{"0":1,"1":1,"2":1,"3":1,"4":0,"5":1,"6":1},"f":{},"b":{"0":[0,1],"1":[1,1,1]},"_coverageSchema":"1a1c01bbd47fc00a2c39e90264f33305004495a9","hash":"0d5c09c6221dbc01fc6ceb66c4df3441053a10ea"}
,"C:\\Users\\jason\\Downloads\\COM2020-Team-Project\\backend\\src\\routes\\actionLogs.route.js": {"path":"C:\\Users\\jason\\Downloads\\COM2020-Team-Project\\backend\\src\\routes\\actionLogs.route.js","statementMap":{"0":{"start":{"line":4,"column":15},"end":{"line":4,"column":23}},"1":{"start":{"line":6,"column":0},"end":{"line":6,"column":34}},"2":{"start":{"line":7,"column":0},"end":{"line":7,"column":32}}},"fnMap":{},"branchMap":{},"s":{"0":4,"1":4,"2":4},"f":{},"b":{},"_coverageSchema":"1a1c01bbd47fc00a2c39e90264f33305004495a9","hash":"8589c84b0fbef659b27c27cfd8cb80f68b7a8753"}
,"C:\\Users\\jason\\Downloads\\COM2020-Team-Project\\backend\\src\\routes\\actionTypes.route.js": {"path":"C:\\Users\\jason\\Downloads\\COM2020-Team-Project\\backend\\src\\routes\\actionTypes.route.js","statementMap":{"0":{"start":{"line":4,"column":15},"end":{"line":4,"column":31}},"1":{"start":{"line":6,"column":0},"end":{"line":6,"column":32}}},"fnMap":{},"branchMap":{},"s":{"0":4,"1":4},"f":{},"b":{},"_coverageSchema":"1a1c01bbd47fc00a2c39e90264f33305004495a9","hash":"173957ae530afaee10b232d150da94ceb5177429"}
,"C:\\Users\\jason\\Downloads\\COM2020-Team-Project\\backend\\src\\routes\\auth.route.js": {"path":"C:\\Users\\jason\\Downloads\\COM2020-Team-Project\\backend\\src\\routes\\auth.route.js","statementMap":{"0":{"start":{"line":4,"column":15},"end":{"line":4,"column":23}},"1":{"start":{"line":6,"column":0},"end":{"line":6,"column":29}},"2":{"start":{"line":7,"column":0},"end":{"line":7,"column":31}}},"fnMap":{},"branchMap":{},"s":{"0":4,"1":4,"2":4},"f":{},"b":{},"_coverageSchema":"1a1c01bbd47fc00a2c39e90264f33305004495a9","hash":"b8db5c2d0b112e4a9372bc5fdad677b2b1f61336"}
,"C:\\Users\\jason\\Downloads\\COM2020-Team-Project\\backend\\src\\routes\\challenges.route.js": {"path":"C:\\Users\\jason\\Downloads\\COM2020-Team-Project\\backend\\src\\routes\\challenges.route.js","statementMap":{"0":{"start":{"line":9,"column":15},"end":{"line":9,"column":23}},"1":{"start":{"line":11,"column":0},"end":{"line":11,"column":42}},"2":{"start":{"line":12,"column":0},"end":{"line":12,"column":53}},"3":{"start":{"line":13,"column":0},"end":{"line":13,"column":77}},"4":{"start":{"line":14,"column":0},"end":{"line":14,"column":62}}},"fnMap":{},"branchMap":{},"s":{"0":4,"1":4,"2":4,"3":4,"4":4},"f":{},"b":{},"_coverageSchema":"1a1c01bbd47fc00a2c39e90264f33305004495a9","hash":"003df3dc31407b4e552c18a28354c9d670162e50"}
,"C:\\Users\\jason\\Downloads\\COM2020-Team-Project\\backend\\src\\routes\\coins.route.js": {"path":"C:\\Users\\jason\\Downloads\\COM2020-Team-Project\\backend\\src\\routes\\coins.route.js","statementMap":{"0":{"start":{"line":4,"column":15},"end":{"line":4,"column":23}},"1":{"start":{"line":6,"column":0},"end":{"line":6,"column":32}},"2":{"start":{"line":7,"column":0},"end":{"line":7,"column":39}}},"fnMap":{},"branchMap":{},"s":{"0":4,"1":4,"2":4},"f":{},"b":{},"_coverageSchema":"1a1c01bbd47fc00a2c39e90264f33305004495a9","hash":"8ad43a709e54051e1b5340151c27165f020603f3"}
,"C:\\Users\\jason\\Downloads\\COM2020-Team-Project\\backend\\src\\routes\\groups.route.js": {"path":"C:\\Users\\jason\\Downloads\\COM2020-Team-Project\\backend\\src\\routes\\groups.route.js","statementMap":{"0":{"start":{"line":4,"column":15},"end":{"line":4,"column":23}},"1":{"start":{"line":6,"column":0},"end":{"line":6,"column":28}},"2":{"start":{"line":7,"column":0},"end":{"line":7,"column":30}},"3":{"start":{"line":8,"column":0},"end":{"line":8,"column":32}},"4":{"start":{"line":9,"column":0},"end":{"line":9,"column":47}}},"fnMap":{},"branchMap":{},"s":{"0":4,"1":4,"2":4,"3":4,"4":4},"f":{},"b":{},"_coverageSchema":"1a1c01bbd47fc00a2c39e90264f33305004495a9","hash":"e95fac7ffe3841b783148a1def5f1ca9c492512b"}
,"C:\\Users\\jason\\Downloads\\COM2020-Team-Project\\backend\\src\\routes\\inventory.route.js": {"path":"C:\\Users\\jason\\Downloads\\COM2020-Team-Project\\backend\\src\\routes\\inventory.route.js","statementMap":{"0":{"start":{"line":4,"column":15},"end":{"line":4,"column":23}},"1":{"start":{"line":6,"column":0},"end":{"line":6,"column":30}},"2":{"start":{"line":7,"column":0},"end":{"line":7,"column":42}},"3":{"start":{"line":8,"column":0},"end":{"line":8,"column":46}}},"fnMap":{},"branchMap":{},"s":{"0":4,"1":4,"2":4,"3":4},"f":{},"b":{},"_coverageSchema":"1a1c01bbd47fc00a2c39e90264f33305004495a9","hash":"55de237c62c23c67d6b4127bf903e01ca9eee79b"}
,"C:\\Users\\jason\\Downloads\\COM2020-Team-Project\\backend\\src\\routes\\invites.route.js": {"path":"C:\\Users\\jason\\Downloads\\COM2020-Team-Project\\backend\\src\\routes\\invites.route.js","statementMap":{"0":{"start":{"line":4,"column":15},"end":{"line":4,"column":23}},"1":{"start":{"line":6,"column":0},"end":{"line":6,"column":29}},"2":{"start":{"line":7,"column":0},"end":{"line":7,"column":51}}},"fnMap":{},"branchMap":{},"s":{"0":4,"1":4,"2":4},"f":{},"b":{},"_coverageSchema":"1a1c01bbd47fc00a2c39e90264f33305004495a9","hash":"eebb4d62423bc9aaf19e8a4f80f6ce6c9290832a"}
,"C:\\Users\\jason\\Downloads\\COM2020-Team-Project\\backend\\src\\routes\\leaderboards.route.js": {"path":"C:\\Users\\jason\\Downloads\\COM2020-Team-Project\\backend\\src\\routes\\leaderboards.route.js","statementMap":{"0":{"start":{"line":4,"column":15},"end":{"line":4,"column":23}},"1":{"start":{"line":6,"column":0},"end":{"line":6,"column":43}}},"fnMap":{},"branchMap":{},"s":{"0":4,"1":4},"f":{},"b":{},"_coverageSchema":"1a1c01bbd47fc00a2c39e90264f33305004495a9","hash":"573d8b6cca36d03cea4c7fed164f43a3df8a5c75"}
,"C:\\Users\\jason\\Downloads\\COM2020-Team-Project\\backend\\src\\routes\\moderation.route.js": {"path":"C:\\Users\\jason\\Downloads\\COM2020-Team-Project\\backend\\src\\routes\\moderation.route.js","statementMap":{"0":{"start":{"line":7,"column":15},"end":{"line":7,"column":23}},"1":{"start":{"line":9,"column":0},"end":{"line":9,"column":52}},"2":{"start":{"line":10,"column":0},"end":{"line":10,"column":80}}},"fnMap":{},"branchMap":{},"s":{"0":4,"1":4,"2":4},"f":{},"b":{},"_coverageSchema":"1a1c01bbd47fc00a2c39e90264f33305004495a9","hash":"f5033923b0ebfc463ecaf03f3c54cea0f014f00b"}
,"C:\\Users\\jason\\Downloads\\COM2020-Team-Project\\backend\\src\\routes\\pets.route.js": {"path":"C:\\Users\\jason\\Downloads\\COM2020-Team-Project\\backend\\src\\routes\\pets.route.js","statementMap":{"0":{"start":{"line":4,"column":15},"end":{"line":4,"column":23}},"1":{"start":{"line":6,"column":0},"end":{"line":6,"column":28}},"2":{"start":{"line":7,"column":0},"end":{"line":7,"column":28}},"3":{"start":{"line":8,"column":0},"end":{"line":8,"column":45}},"4":{"start":{"line":9,"column":0},"end":{"line":9,"column":37}},"5":{"start":{"line":10,"column":0},"end":{"line":10,"column":41}}},"fnMap":{},"branchMap":{},"s":{"0":4,"1":4,"2":4,"3":4,"4":4,"5":4},"f":{},"b":{},"_coverageSchema":"1a1c01bbd47fc00a2c39e90264f33305004495a9","hash":"1f8c38b888591817e076c5dfac334806ef9d7ba4"}
,"C:\\Users\\jason\\Downloads\\COM2020-Team-Project\\backend\\src\\routes\\shop.route.js": {"path":"C:\\Users\\jason\\Downloads\\COM2020-Team-Project\\backend\\src\\routes\\shop.route.js","statementMap":{"0":{"start":{"line":4,"column":15},"end":{"line":4,"column":23}},"1":{"start":{"line":6,"column":0},"end":{"line":6,"column":31}},"2":{"start":{"line":7,"column":0},"end":{"line":7,"column":36}}},"fnMap":{},"branchMap":{},"s":{"0":4,"1":4,"2":4},"f":{},"b":{},"_coverageSchema":"1a1c01bbd47fc00a2c39e90264f33305004495a9","hash":"05a767d96e8380ce90528c929e898611bf310959"}
,"C:\\Users\\jason\\Downloads\\COM2020-Team-Project\\backend\\src\\routes\\submissions.route.js": {"path":"C:\\Users\\jason\\Downloads\\COM2020-Team-Project\\backend\\src\\routes\\submissions.route.js","statementMap":{"0":{"start":{"line":4,"column":15},"end":{"line":4,"column":23}},"1":{"start":{"line":6,"column":0},"end":{"line":6,"column":70}}},"fnMap":{},"branchMap":{},"s":{"0":4,"1":4},"f":{},"b":{},"_coverageSchema":"1a1c01bbd47fc00a2c39e90264f33305004495a9","hash":"81b1cf727ee7b357399588f2544e907a7e20f6c4"}
,"C:\\Users\\jason\\Downloads\\COM2020-Team-Project\\backend\\src\\services\\carbon.service.js": {"path":"C:\\Users\\jason\\Downloads\\COM2020-Team-Project\\backend\\src\\services\\carbon.service.js","statementMap":{"0":{"start":{"line":1,"column":14},"end":{"line":1,"column":46}},"1":{"start":{"line":1,"column":19},"end":{"line":1,"column":46}},"2":{"start":{"line":4,"column":4},"end":{"line":4,"column":35}},"3":{"start":{"line":4,"column":19},"end":{"line":4,"column":35}},"4":{"start":{"line":5,"column":4},"end":{"line":5,"column":33}},"5":{"start":{"line":5,"column":19},"end":{"line":5,"column":33}},"6":{"start":{"line":6,"column":4},"end":{"line":6,"column":35}},"7":{"start":{"line":6,"column":19},"end":{"line":6,"column":35}},"8":{"start":{"line":7,"column":4},"end":{"line":7,"column":17}},"9":{"start":{"line":11,"column":21},"end":{"line":11,"column":98}},"10":{"start":{"line":13,"column":4},"end":{"line":15,"column":5}},"11":{"start":{"line":14,"column":8},"end":{"line":14,"column":61}},"12":{"start":{"line":17,"column":18},"end":{"line":17,"column":41}},"13":{"start":{"line":18,"column":4},"end":{"line":20,"column":5}},"14":{"start":{"line":19,"column":8},"end":{"line":19,"column":50}},"15":{"start":{"line":22,"column":24},"end":{"line":22,"column":89}},"16":{"start":{"line":23,"column":21},"end":{"line":23,"column":37}},"17":{"start":{"line":25,"column":16},"end":{"line":25,"column":44}},"18":{"start":{"line":26,"column":16},"end":{"line":26,"column":44}},"19":{"start":{"line":28,"column":4},"end":{"line":42,"column":6}}},"fnMap":{"0":{"name":"(anonymous_0)","decl":{"start":{"line":1,"column":14},"end":{"line":1,"column":15}},"loc":{"start":{"line":1,"column":19},"end":{"line":1,"column":46}},"line":1},"1":{"name":"confidenceFromUncertainty","decl":{"start":{"line":3,"column":9},"end":{"line":3,"column":34}},"loc":{"start":{"line":3,"column":38},"end":{"line":8,"column":1}},"line":3},"2":{"name":"calculateCarbonFromFactor","decl":{"start":{"line":10,"column":16},"end":{"line":10,"column":41}},"loc":{"start":{"line":10,"column":68},"end":{"line":43,"column":1}},"line":10}},"branchMap":{"0":{"loc":{"start":{"line":4,"column":4},"end":{"line":4,"column":35}},"type":"if","locations":[{"start":{"line":4,"column":4},"end":{"line":4,"column":35}},{"start":{},"end":{}}],"line":4},"1":{"loc":{"start":{"line":5,"column":4},"end":{"line":5,"column":33}},"type":"if","locations":[{"start":{"line":5,"column":4},"end":{"line":5,"column":33}},{"start":{},"end":{}}],"line":5},"2":{"loc":{"start":{"line":6,"column":4},"end":{"line":6,"column":35}},"type":"if","locations":[{"start":{"line":6,"column":4},"end":{"line":6,"column":35}},{"start":{},"end":{}}],"line":6},"3":{"loc":{"start":{"line":11,"column":21},"end":{"line":11,"column":98}},"type":"cond-expr","locations":[{"start":{"line":11,"column":57},"end":{"line":11,"column":82}},{"start":{"line":11,"column":85},"end":{"line":11,"column":98}}],"line":11},"4":{"loc":{"start":{"line":13,"column":4},"end":{"line":15,"column":5}},"type":"if","locations":[{"start":{"line":13,"column":4},"end":{"line":15,"column":5}},{"start":{},"end":{}}],"line":13},"5":{"loc":{"start":{"line":13,"column":8},"end":{"line":13,"column":47}},"type":"binary-expr","locations":[{"start":{"line":13,"column":8},"end":{"line":13,"column":30}},{"start":{"line":13,"column":34},"end":{"line":13,"column":47}}],"line":13},"6":{"loc":{"start":{"line":18,"column":4},"end":{"line":20,"column":5}},"type":"if","locations":[{"start":{"line":18,"column":4},"end":{"line":20,"column":5}},{"start":{},"end":{}}],"line":18},"7":{"loc":{"start":{"line":22,"column":24},"end":{"line":22,"column":89}},"type":"cond-expr","locations":[{"start":{"line":22,"column":56},"end":{"line":22,"column":57}},{"start":{"line":22,"column":60},"end":{"line":22,"column":89}}],"line":22},"8":{"loc":{"start":{"line":41,"column":19},"end":{"line":41,"column":40}},"type":"binary-expr","locations":[{"start":{"line":41,"column":19},"end":{"line":41,"column":34}},{"start":{"line":41,"column":38},"end":{"line":41,"column":40}}],"line":41},"9":{"loc":{"start":{"line":41,"column":43},"end":{"line":41,"column":69}},"type":"cond-expr","locations":[{"start":{"line":41,"column":61},"end":{"line":41,"column":64}},{"start":{"line":41,"column":67},"end":{"line":41,"column":69}}],"line":41}},"s":{"0":5,"1":0,"2":1,"3":0,"4":1,"5":1,"6":0,"7":0,"8":0,"9":3,"10":3,"11":1,"12":2,"13":2,"14":1,"15":1,"16":1,"17":1,"18":1,"19":1},"f":{"0":0,"1":1,"2":3},"b":{"0":[0,1],"1":[1,0],"2":[0,0],"3":[1,2],"4":[1,2],"5":[3,2],"6":[1,1],"7":[0,1],"8":[1,0],"9":[1,0]},"_coverageSchema":"1a1c01bbd47fc00a2c39e90264f33305004495a9","hash":"8b584d578ffbeec028578a3a654e23cde89e7f05"}
,"C:\\Users\\jason\\Downloads\\COM2020-Team-Project\\backend\\src\\services\\challengeRules.service.js": {"path":"C:\\Users\\jason\\Downloads\\COM2020-Team-Project\\backend\\src\\services\\challengeRules.service.js","statementMap":{"0":{"start":{"line":3,"column":4},"end":{"line":3,"column":67}},"1":{"start":{"line":3,"column":51},"end":{"line":3,"column":67}},"2":{"start":{"line":4,"column":4},"end":{"line":8,"column":5}},"3":{"start":{"line":5,"column":8},"end":{"line":5,"column":36}},"4":{"start":{"line":7,"column":8},"end":{"line":7,"column":24}}},"fnMap":{"0":{"name":"safeParseJson","decl":{"start":{"line":2,"column":16},"end":{"line":2,"column":29}},"loc":{"start":{"line":2,"column":55},"end":{"line":9,"column":1}},"line":2}},"branchMap":{"0":{"loc":{"start":{"line":2,"column":40},"end":{"line":2,"column":53}},"type":"default-arg","locations":[{"start":{"line":2,"column":51},"end":{"line":2,"column":53}}],"line":2},"1":{"loc":{"start":{"line":3,"column":4},"end":{"line":3,"column":67}},"type":"if","locations":[{"start":{"line":3,"column":4},"end":{"line":3,"column":67}},{"start":{},"end":{}}],"line":3},"2":{"loc":{"start":{"line":3,"column":8},"end":{"line":3,"column":49}},"type":"binary-expr","locations":[{"start":{"line":3,"column":8},"end":{"line":3,"column":17}},{"start":{"line":3,"column":21},"end":{"line":3,"column":49}}],"line":3}},"s":{"0":0,"1":0,"2":0,"3":0,"4":0},"f":{"0":0},"b":{"0":[0],"1":[0,0],"2":[0,0]},"_coverageSchema":"1a1c01bbd47fc00a2c39e90264f33305004495a9","hash":"aae4f0316eec190c3a1160433b1ada54f25f04ee"}
,"C:\\Users\\jason\\Downloads\\COM2020-Team-Project\\backend\\src\\services\\scoring.service.js": {"path":"C:\\Users\\jason\\Downloads\\COM2020-Team-Project\\backend\\src\\services\\scoring.service.js","statementMap":{"0":{"start":{"line":3,"column":24},"end":{"line":3,"column":101}},"1":{"start":{"line":5,"column":4},"end":{"line":5,"column":49}}},"fnMap":{"0":{"name":"calculatePoints","decl":{"start":{"line":2,"column":16},"end":{"line":2,"column":31}},"loc":{"start":{"line":2,"column":57},"end":{"line":6,"column":1}},"line":2}},"branchMap":{"0":{"loc":{"start":{"line":3,"column":24},"end":{"line":3,"column":101}},"type":"cond-expr","locations":[{"start":{"line":3,"column":72},"end":{"line":3,"column":96}},{"start":{"line":3,"column":99},"end":{"line":3,"column":101}}],"line":3}},"s":{"0":3,"1":3},"f":{"0":3},"b":{"0":[2,1]},"_coverageSchema":"1a1c01bbd47fc00a2c39e90264f33305004495a9","hash":"51ab1978a704418b8957000c1392813d39cf4fb4"}
}
