TN:
SF:src\app.js
FN:26,(anonymous_0)
FN:29,(anonymous_1)
FN:47,(anonymous_2)
FN:52,(anonymous_3)
FN:57,(anonymous_4)
FNF:5
FNH:1
FNDA:1,(anonymous_0)
FNDA:0,(anonymous_1)
FNDA:0,(anonymous_2)
FNDA:0,(anonymous_3)
FNDA:0,(anonymous_4)
DA:4,4
DA:6,4
DA:7,4
DA:8,4
DA:26,4
DA:27,1
DA:29,4
DA:30,0
DA:33,4
DA:34,4
DA:35,4
DA:36,4
DA:37,4
DA:38,4
DA:39,4
DA:40,4
DA:41,4
DA:42,4
DA:43,4
DA:44,4
DA:45,4
DA:47,4
DA:48,0
DA:52,4
DA:53,0
DA:57,4
DA:58,0
DA:60,0
LF:28
LH:23
BRDA:60,0,0,0
BRDA:60,0,1,0
BRDA:61,1,0,0
BRDA:61,1,1,0
BRF:4
BRH:0
end_of_record
TN:
SF:src\controllers\actionLogs.controller.js
FN:7,normalizeUserId
FN:16,createActionLog
FN:106,listActionLogs
FNF:3
FNH:0
FNDA:0,normalizeUserId
FNDA:0,createActionLog
FNDA:0,listActionLogs
DA:5,4
DA:8,0
DA:10,0
DA:11,0
DA:12,0
DA:13,0
DA:17,0
DA:18,0
DA:20,0
DA:21,0
DA:22,0
DA:27,0
DA:28,0
DA:31,0
DA:53,0
DA:54,0
DA:55,0
DA:57,0
DA:59,0
DA:60,0
DA:64,0
DA:65,0
DA:70,0
DA:71,0
DA:73,0
DA:83,0
DA:89,0
DA:91,0
DA:102,0
DA:107,0
DA:108,0
DA:109,0
DA:110,0
DA:115,0
DA:117,0
DA:123,0
DA:124,0
DA:126,0
DA:127,0
DA:129,0
DA:131,0
LF:41
LH:1
BRDA:5,0,0,4
BRDA:5,0,1,4
BRDA:8,1,0,0
BRDA:8,1,1,0
BRDA:11,2,0,0
BRDA:11,2,1,0
BRDA:12,3,0,0
BRDA:12,3,1,0
BRDA:12,4,0,0
BRDA:12,4,1,0
BRDA:20,5,0,0
BRDA:20,5,1,0
BRDA:21,6,0,0
BRDA:21,6,1,0
BRDA:27,7,0,0
BRDA:27,7,1,0
BRDA:53,8,0,0
BRDA:53,8,1,0
BRDA:54,9,0,0
BRDA:54,9,1,0
BRDA:55,10,0,0
BRDA:55,10,1,0
BRDA:59,11,0,0
BRDA:59,11,1,0
BRDA:64,12,0,0
BRDA:64,12,1,0
BRDA:71,13,0,0
BRDA:71,13,1,0
BRDA:89,14,0,0
BRDA:89,14,1,0
BRDA:108,15,0,0
BRDA:108,15,1,0
BRDA:109,16,0,0
BRDA:109,16,1,0
BRDA:123,17,0,0
BRDA:123,17,1,0
BRDA:124,18,0,0
BRDA:124,18,1,0
BRDA:127,19,0,0
BRDA:127,19,1,0
BRDA:129,20,0,0
BRDA:129,20,1,0
BRF:42
BRH:2
end_of_record
TN:
SF:src\controllers\actionTypes.controller.js
FN:8,getActionTypes
FN:34,(anonymous_1)
FNF:2
FNH:0
FNDA:0,getActionTypes
FNDA:0,(anonymous_1)
DA:9,0
DA:10,0
DA:32,0
DA:34,0
DA:44,0
DA:46,0
LF:6
LH:0
BRDA:32,0,0,0
BRDA:32,0,1,0
BRDA:34,1,0,0
BRDA:34,1,1,0
BRDA:41,2,0,0
BRDA:41,2,1,0
BRF:6
BRH:0
end_of_record
TN:
SF:src\controllers\auth.controller.js
FN:3,login
FN:35,signup
FNF:2
FNH:2
FNDA:5,login
FNDA:5,signup
DA:4,5
DA:5,5
DA:7,5
DA:8,1
DA:11,4
DA:18,4
DA:19,3
DA:20,3
DA:22,0
DA:25,1
DA:26,0
DA:29,1
DA:31,0
DA:36,5
DA:37,5
DA:38,5
DA:39,5
DA:41,5
DA:42,1
DA:45,4
DA:46,1
DA:49,3
DA:50,1
DA:53,2
DA:59,2
DA:60,2
DA:61,1
DA:64,1
DA:76,1
DA:78,1
DA:80,0
LF:31
LH:27
BRDA:5,0,0,5
BRDA:5,0,1,0
BRDA:7,1,0,1
BRDA:7,1,1,4
BRDA:7,2,0,5
BRDA:7,2,1,4
BRDA:18,3,0,3
BRDA:18,3,1,1
BRDA:19,4,0,3
BRDA:19,4,1,0
BRDA:25,5,0,0
BRDA:25,5,1,1
BRDA:37,6,0,5
BRDA:37,6,1,1
BRDA:38,7,0,5
BRDA:38,7,1,4
BRDA:38,8,0,5
BRDA:38,8,1,4
BRDA:39,9,0,5
BRDA:39,9,1,1
BRDA:41,10,0,1
BRDA:41,10,1,4
BRDA:41,11,0,5
BRDA:41,11,1,4
BRDA:45,12,0,1
BRDA:45,12,1,3
BRDA:49,13,0,1
BRDA:49,13,1,2
BRDA:59,14,0,0
BRDA:59,14,1,2
BRDA:60,15,0,1
BRDA:60,15,1,1
BRDA:76,16,0,0
BRDA:76,16,1,1
BRF:34
BRH:29
end_of_record
TN:
SF:src\controllers\challenges.controller.js
FN:4,listChallenges
FN:21,(anonymous_1)
FN:33,getChallenge
FN:58,listChallengeSubmissions
FN:83,listUserSubmissions
FNF:5
FNH:0
FNDA:0,listChallenges
FNDA:0,(anonymous_1)
FNDA:0,getChallenge
FNDA:0,listChallengeSubmissions
FNDA:0,listUserSubmissions
DA:5,0
DA:6,0
DA:8,0
DA:13,0
DA:14,0
DA:17,0
DA:19,0
DA:21,0
DA:27,0
DA:29,0
DA:34,0
DA:35,0
DA:37,0
DA:43,0
DA:44,0
DA:46,0
DA:54,0
DA:59,0
DA:60,0
DA:62,0
DA:63,0
DA:65,0
DA:72,0
DA:74,0
DA:75,0
DA:77,0
DA:79,0
DA:84,0
DA:85,0
DA:87,0
DA:89,0
DA:96,0
DA:98,0
DA:100,0
LF:34
LH:0
BRDA:13,0,0,0
BRDA:13,0,1,0
BRDA:19,1,0,0
BRDA:19,1,1,0
BRDA:21,2,0,0
BRDA:21,2,1,0
BRDA:43,3,0,0
BRDA:43,3,1,0
BRDA:44,4,0,0
BRDA:44,4,1,0
BRDA:62,5,0,0
BRDA:62,5,1,0
BRDA:72,6,0,0
BRDA:72,6,1,0
BRDA:75,7,0,0
BRDA:75,7,1,0
BRDA:77,8,0,0
BRDA:77,8,1,0
BRDA:87,9,0,0
BRDA:87,9,1,0
BRDA:96,10,0,0
BRDA:96,10,1,0
BRDA:98,11,0,0
BRDA:98,11,1,0
BRF:24
BRH:0
end_of_record
TN:
SF:src\controllers\coins.controller.js
FN:6,normalizeUserId
FN:15,getCoinBalance
FN:37,getCoinHistory
FNF:3
FNH:0
FNDA:0,normalizeUserId
FNDA:0,getCoinBalance
FNDA:0,getCoinHistory
DA:4,4
DA:7,0
DA:9,0
DA:10,0
DA:11,0
DA:12,0
DA:16,0
DA:17,0
DA:18,0
DA:19,0
DA:22,0
DA:28,0
DA:29,0
DA:31,0
DA:33,0
DA:38,0
DA:39,0
DA:40,0
DA:41,0
DA:44,0
DA:45,0
DA:47,0
DA:56,0
DA:58,0
DA:65,0
LF:25
LH:1
BRDA:4,0,0,4
BRDA:4,0,1,4
BRDA:7,1,0,0
BRDA:7,1,1,0
BRDA:10,2,0,0
BRDA:10,2,1,0
BRDA:11,3,0,0
BRDA:11,3,1,0
BRDA:11,4,0,0
BRDA:11,4,1,0
BRDA:18,5,0,0
BRDA:18,5,1,0
BRDA:28,6,0,0
BRDA:28,6,1,0
BRDA:29,7,0,0
BRDA:29,7,1,0
BRDA:40,8,0,0
BRDA:40,8,1,0
BRDA:44,9,0,0
BRDA:44,9,1,0
BRDA:45,10,0,0
BRDA:45,10,1,0
BRDA:56,11,0,0
BRDA:56,11,1,0
BRDA:59,12,0,0
BRDA:59,12,1,0
BRDA:60,13,0,0
BRDA:60,13,1,0
BRF:28
BRH:2
end_of_record
TN:
SF:src\controllers\groups.controller.js
FN:6,normalizeUserId
FN:15,listGroups
FN:36,(anonymous_2)
FN:47,joinGroup
FN:114,createGroup
FN:166,createInvite
FNF:6
FNH:2
FNDA:3,normalizeUserId
FNDA:0,listGroups
FNDA:0,(anonymous_2)
FNDA:0,joinGroup
FNDA:3,createGroup
FNDA:0,createInvite
DA:4,4
DA:7,3
DA:9,2
DA:10,2
DA:11,2
DA:12,0
DA:16,0
DA:17,0
DA:22,0
DA:24,0
DA:28,0
DA:30,0
DA:31,0
DA:32,0
DA:33,0
DA:36,0
DA:41,0
DA:43,0
DA:48,0
DA:49,0
DA:50,0
DA:51,0
DA:56,0
DA:57,0
DA:58,0
DA:60,0
DA:61,0
DA:67,0
DA:68,0
DA:69,0
DA:71,0
DA:74,0
DA:80,0
DA:82,0
DA:89,0
DA:91,0
DA:92,0
DA:98,0
DA:99,0
DA:106,0
DA:110,0
DA:115,3
DA:116,3
DA:117,3
DA:118,1
DA:123,2
DA:124,2
DA:125,1
DA:128,1
DA:130,1
DA:140,1
DA:142,1
DA:149,1
DA:151,1
DA:158,1
DA:160,1
DA:162,0
DA:167,0
DA:170,0
DA:171,0
DA:172,0
DA:175,0
DA:176,0
DA:178,0
DA:184,0
DA:185,0
DA:187,0
DA:188,0
DA:190,0
DA:191,0
DA:194,0
DA:196,0
DA:197,0
DA:203,0
DA:204,0
DA:206,0
DA:212,0
DA:213,0
DA:216,0
DA:217,0
DA:218,0
DA:221,0
DA:222,0
DA:225,0
DA:237,0
DA:238,0
DA:239,0
DA:243,0
DA:246,0
DA:256,0
LF:90
LH:20
BRDA:4,0,0,4
BRDA:4,0,1,4
BRDA:7,1,0,1
BRDA:7,1,1,2
BRDA:10,2,0,0
BRDA:10,2,1,2
BRDA:11,3,0,2
BRDA:11,3,1,0
BRDA:11,4,0,2
BRDA:11,4,1,2
BRDA:22,5,0,0
BRDA:22,5,1,0
BRDA:28,6,0,0
BRDA:28,6,1,0
BRDA:31,7,0,0
BRDA:31,7,1,0
BRDA:32,8,0,0
BRDA:32,8,1,0
BRDA:33,9,0,0
BRDA:33,9,1,0
BRDA:36,10,0,0
BRDA:36,10,1,0
BRDA:38,11,0,0
BRDA:38,11,1,0
BRDA:49,12,0,0
BRDA:49,12,1,0
BRDA:50,13,0,0
BRDA:50,13,1,0
BRDA:56,14,0,0
BRDA:56,14,1,0
BRDA:57,15,0,0
BRDA:57,15,1,0
BRDA:60,16,0,0
BRDA:60,16,1,0
BRDA:67,17,0,0
BRDA:67,17,1,0
BRDA:68,18,0,0
BRDA:68,18,1,0
BRDA:80,19,0,0
BRDA:80,19,1,0
BRDA:89,20,0,0
BRDA:89,20,1,0
BRDA:91,21,0,0
BRDA:91,21,1,0
BRDA:98,22,0,0
BRDA:98,22,1,0
BRDA:116,23,0,3
BRDA:116,23,1,1
BRDA:117,24,0,1
BRDA:117,24,1,2
BRDA:123,25,0,2
BRDA:123,25,1,0
BRDA:124,26,0,1
BRDA:124,26,1,1
BRDA:128,27,0,1
BRDA:128,27,1,0
BRDA:140,28,0,0
BRDA:140,28,1,1
BRDA:149,29,0,0
BRDA:149,29,1,1
BRDA:158,30,0,0
BRDA:158,30,1,1
BRDA:170,31,0,0
BRDA:170,31,1,0
BRDA:171,32,0,0
BRDA:171,32,1,0
BRDA:176,33,0,0
BRDA:176,33,1,0
BRDA:176,34,0,0
BRDA:176,34,1,0
BRDA:184,35,0,0
BRDA:184,35,1,0
BRDA:185,36,0,0
BRDA:185,36,1,0
BRDA:187,37,0,0
BRDA:187,37,1,0
BRDA:188,38,0,0
BRDA:188,38,1,0
BRDA:190,39,0,0
BRDA:190,39,1,0
BRDA:190,40,0,0
BRDA:190,40,1,0
BRDA:196,41,0,0
BRDA:196,41,1,0
BRDA:203,42,0,0
BRDA:203,42,1,0
BRDA:212,43,0,0
BRDA:212,43,1,0
BRDA:216,44,0,0
BRDA:216,44,1,0
BRDA:217,45,0,0
BRDA:217,45,1,0
BRDA:221,46,0,0
BRDA:221,46,1,0
BRDA:237,47,0,0
BRDA:237,47,1,0
BRDA:238,48,0,0
BRDA:238,48,1,0
BRF:98
BRH:19
end_of_record
TN:
SF:src\controllers\inventory.controller.js
FN:6,normalizeUserId
FN:15,getInventory
FN:58,equipItem
FN:95,(anonymous_3)
FN:122,unequipItem
FNF:5
FNH:0
FNDA:0,normalizeUserId
FNDA:0,getInventory
FNDA:0,equipItem
FNDA:0,(anonymous_3)
FNDA:0,unequipItem
DA:4,4
DA:7,0
DA:9,0
DA:10,0
DA:11,0
DA:12,0
DA:16,0
DA:17,0
DA:18,0
DA:19,0
DA:22,0
DA:28,0
DA:29,0
DA:31,0
DA:50,0
DA:52,0
DA:54,0
DA:59,0
DA:60,0
DA:61,0
DA:62,0
DA:65,0
DA:66,0
DA:72,0
DA:73,0
DA:75,0
DA:82,0
DA:83,0
DA:84,0
DA:86,0
DA:87,0
DA:88,0
DA:93,0
DA:95,0
DA:97,0
DA:98,0
DA:107,0
DA:114,0
DA:116,0
DA:118,0
DA:123,0
DA:124,0
DA:125,0
DA:126,0
DA:129,0
DA:131,0
DA:137,0
DA:138,0
DA:140,0
DA:147,0
DA:148,0
DA:149,0
DA:151,0
DA:158,0
DA:160,0
DA:162,0
LF:56
LH:1
BRDA:4,0,0,4
BRDA:4,0,1,4
BRDA:7,1,0,0
BRDA:7,1,1,0
BRDA:10,2,0,0
BRDA:10,2,1,0
BRDA:11,3,0,0
BRDA:11,3,1,0
BRDA:11,4,0,0
BRDA:11,4,1,0
BRDA:18,5,0,0
BRDA:18,5,1,0
BRDA:28,6,0,0
BRDA:28,6,1,0
BRDA:29,7,0,0
BRDA:29,7,1,0
BRDA:50,8,0,0
BRDA:50,8,1,0
BRDA:52,9,0,0
BRDA:52,9,1,0
BRDA:61,10,0,0
BRDA:61,10,1,0
BRDA:72,11,0,0
BRDA:72,11,1,0
BRDA:73,12,0,0
BRDA:73,12,1,0
BRDA:82,13,0,0
BRDA:82,13,1,0
BRDA:83,14,0,0
BRDA:83,14,1,0
BRDA:84,15,0,0
BRDA:84,15,1,0
BRDA:87,16,0,0
BRDA:87,16,1,0
BRDA:93,17,0,0
BRDA:93,17,1,0
BRDA:95,18,0,0
BRDA:95,18,1,0
BRDA:97,19,0,0
BRDA:97,19,1,0
BRDA:114,20,0,0
BRDA:114,20,1,0
BRDA:125,21,0,0
BRDA:125,21,1,0
BRDA:137,22,0,0
BRDA:137,22,1,0
BRDA:138,23,0,0
BRDA:138,23,1,0
BRDA:147,24,0,0
BRDA:147,24,1,0
BRDA:148,25,0,0
BRDA:148,25,1,0
BRDA:149,26,0,0
BRDA:149,26,1,0
BRDA:158,27,0,0
BRDA:158,27,1,0
BRF:56
BRH:2
end_of_record
TN:
SF:src\controllers\invites.controller.js
FN:6,normalizeUserId
FN:15,listInvites
FN:38,respondToInvite
FNF:3
FNH:0
FNDA:0,normalizeUserId
FNDA:0,listInvites
FNDA:0,respondToInvite
DA:4,4
DA:7,0
DA:9,0
DA:10,0
DA:11,0
DA:12,0
DA:16,0
DA:17,0
DA:18,0
DA:20,0
DA:30,0
DA:32,0
DA:34,0
DA:39,0
DA:40,0
DA:41,0
DA:42,0
DA:44,0
DA:45,0
DA:47,0
DA:48,0
DA:51,0
DA:57,0
DA:58,0
DA:60,0
DA:61,0
DA:64,0
DA:66,0
DA:73,0
DA:75,0
DA:76,0
DA:81,0
DA:83,0
DA:90,0
DA:93,0
DA:95,0
LF:36
LH:1
BRDA:4,0,0,4
BRDA:4,0,1,4
BRDA:7,1,0,0
BRDA:7,1,1,0
BRDA:10,2,0,0
BRDA:10,2,1,0
BRDA:11,3,0,0
BRDA:11,3,1,0
BRDA:11,4,0,0
BRDA:11,4,1,0
BRDA:17,5,0,0
BRDA:17,5,1,0
BRDA:18,6,0,0
BRDA:18,6,1,0
BRDA:30,7,0,0
BRDA:30,7,1,0
BRDA:32,8,0,0
BRDA:32,8,1,0
BRDA:41,9,0,0
BRDA:41,9,1,0
BRDA:42,10,0,0
BRDA:42,10,1,0
BRDA:47,11,0,0
BRDA:47,11,1,0
BRDA:47,12,0,0
BRDA:47,12,1,0
BRDA:57,13,0,0
BRDA:57,13,1,0
BRDA:58,14,0,0
BRDA:58,14,1,0
BRDA:60,15,0,0
BRDA:60,15,1,0
BRDA:64,16,0,0
BRDA:64,16,1,0
BRDA:73,17,0,0
BRDA:73,17,1,0
BRDA:75,18,0,0
BRDA:75,18,1,0
BRDA:81,19,0,0
BRDA:81,19,1,0
BRDA:90,20,0,0
BRDA:90,20,1,0
BRF:42
BRH:2
end_of_record
TN:
SF:src\controllers\leaderboards.controller.js
FN:3,listUserLeaderboards
FN:24,(anonymous_1)
FN:29,(anonymous_2)
FN:49,(anonymous_3)
FN:57,(anonymous_4)
FNF:5
FNH:0
FNDA:0,listUserLeaderboards
FNDA:0,(anonymous_1)
FNDA:0,(anonymous_2)
FNDA:0,(anonymous_3)
FNDA:0,(anonymous_4)
DA:4,0
DA:5,0
DA:7,0
DA:11,0
DA:13,0
DA:14,0
DA:15,0
DA:18,0
DA:22,0
DA:24,0
DA:25,0
DA:26,0
DA:29,0
DA:31,0
DA:32,0
DA:33,0
DA:38,0
DA:39,0
DA:42,0
DA:43,0
DA:44,0
DA:45,0
DA:48,0
DA:49,0
DA:58,0
DA:59,0
DA:60,0
DA:61,0
DA:64,0
DA:66,0
LF:30
LH:0
BRDA:5,0,0,0
BRDA:5,0,1,0
BRDA:11,1,0,0
BRDA:11,1,1,0
BRDA:14,2,0,0
BRDA:14,2,1,0
BRDA:22,3,0,0
BRDA:22,3,1,0
BRDA:24,4,0,0
BRDA:24,4,1,0
BRDA:25,5,0,0
BRDA:25,5,1,0
BRDA:32,6,0,0
BRDA:32,6,1,0
BRDA:38,7,0,0
BRDA:38,7,1,0
BRDA:39,8,0,0
BRDA:39,8,1,0
BRDA:44,9,0,0
BRDA:44,9,1,0
BRDA:45,10,0,0
BRDA:45,10,1,0
BRDA:54,11,0,0
BRDA:54,11,1,0
BRDA:54,12,0,0
BRDA:54,12,1,0
BRDA:55,13,0,0
BRDA:55,13,1,0
BRDA:58,14,0,0
BRDA:58,14,1,0
BRDA:59,15,0,0
BRDA:59,15,1,0
BRDA:59,15,2,0
BRDA:60,16,0,0
BRDA:60,16,1,0
BRDA:60,16,2,0
BRF:36
BRH:0
end_of_record
TN:
SF:src\controllers\moderation.controller.js
FN:4,requireModerator
FN:13,getModerationQueue
FN:35,decideSubmission
FNF:3
FNH:0
FNDA:0,requireModerator
FNDA:0,getModerationQueue
FNDA:0,decideSubmission
DA:5,0
DA:6,0
DA:7,0
DA:8,0
DA:10,0
DA:14,0
DA:15,0
DA:17,0
DA:18,0
DA:20,0
DA:27,0
DA:29,0
DA:31,0
DA:36,0
DA:37,0
DA:39,0
DA:40,0
DA:41,0
DA:42,0
DA:44,0
DA:45,0
DA:48,0
DA:49,0
DA:52,0
DA:58,0
DA:59,0
DA:64,0
DA:65,0
DA:67,0
DA:68,0
DA:73,0
DA:75,0
DA:87,0
DA:90,0
DA:97,0
DA:99,0
DA:101,0
LF:37
LH:0
BRDA:6,0,0,0
BRDA:6,0,1,0
BRDA:6,1,0,0
BRDA:6,1,1,0
BRDA:15,2,0,0
BRDA:15,2,1,0
BRDA:17,3,0,0
BRDA:17,3,1,0
BRDA:18,4,0,0
BRDA:18,4,1,0
BRDA:27,5,0,0
BRDA:27,5,1,0
BRDA:29,6,0,0
BRDA:29,6,1,0
BRDA:37,7,0,0
BRDA:37,7,1,0
BRDA:42,8,0,0
BRDA:42,8,1,0
BRDA:44,9,0,0
BRDA:44,9,1,0
BRDA:48,10,0,0
BRDA:48,10,1,0
BRDA:48,11,0,0
BRDA:48,11,1,0
BRDA:58,12,0,0
BRDA:58,12,1,0
BRDA:64,13,0,0
BRDA:64,13,1,0
BRDA:65,14,0,0
BRDA:65,14,1,0
BRDA:67,15,0,0
BRDA:67,15,1,0
BRDA:73,16,0,0
BRDA:73,16,1,0
BRDA:87,17,0,0
BRDA:87,17,1,0
BRDA:97,18,0,0
BRDA:97,18,1,0
BRF:38
BRH:0
end_of_record
TN:
SF:src\controllers\pets.controller.js
FN:6,normalizeUserId
FN:17,getPetImageUrl
FN:24,createPet
FN:78,getMyPet
FN:100,updateNickname
FN:131,revivePet
FN:208,updatePetStats
FNF:7
FNH:0
FNDA:0,normalizeUserId
FNDA:0,getPetImageUrl
FNDA:0,createPet
FNDA:0,getMyPet
FNDA:0,updateNickname
FNDA:0,revivePet
FNDA:0,updatePetStats
DA:4,4
DA:7,0
DA:9,0
DA:10,0
DA:11,0
DA:12,0
DA:15,4
DA:18,0
DA:21,4
DA:22,4
DA:25,0
DA:26,0
DA:27,0
DA:28,0
DA:31,0
DA:32,0
DA:33,0
DA:38,0
DA:40,0
DA:46,0
DA:47,0
DA:50,0
DA:70,0
DA:72,0
DA:74,0
DA:79,0
DA:80,0
DA:81,0
DA:82,0
DA:85,0
DA:91,0
DA:92,0
DA:94,0
DA:96,0
DA:101,0
DA:102,0
DA:103,0
DA:104,0
DA:107,0
DA:108,0
DA:109,0
DA:111,0
DA:112,0
DA:115,0
DA:122,0
DA:123,0
DA:125,0
DA:127,0
DA:132,0
DA:133,0
DA:134,0
DA:135,0
DA:138,0
DA:144,0
DA:145,0
DA:147,0
DA:148,0
DA:151,0
DA:157,0
DA:159,0
DA:160,0
DA:165,0
DA:167,0
DA:172,0
DA:174,0
DA:182,0
DA:196,0
DA:198,0
DA:204,0
DA:209,0
DA:210,0
DA:211,0
DA:212,0
DA:215,0
DA:216,0
DA:218,0
DA:219,0
DA:220,0
DA:224,0
DA:225,0
DA:228,0
DA:235,0
DA:236,0
DA:238,0
DA:240,0
LF:85
LH:4
BRDA:4,0,0,4
BRDA:4,0,1,4
BRDA:7,1,0,0
BRDA:7,1,1,0
BRDA:10,2,0,0
BRDA:10,2,1,0
BRDA:11,3,0,0
BRDA:11,3,1,0
BRDA:11,4,0,0
BRDA:11,4,1,0
BRDA:27,5,0,0
BRDA:27,5,1,0
BRDA:31,6,0,0
BRDA:31,6,1,0
BRDA:32,7,0,0
BRDA:32,7,1,0
BRDA:32,8,0,0
BRDA:32,8,1,0
BRDA:38,9,0,0
BRDA:38,9,1,0
BRDA:46,10,0,0
BRDA:46,10,1,0
BRDA:70,11,0,0
BRDA:70,11,1,0
BRDA:81,12,0,0
BRDA:81,12,1,0
BRDA:91,13,0,0
BRDA:91,13,1,0
BRDA:92,14,0,0
BRDA:92,14,1,0
BRDA:103,15,0,0
BRDA:103,15,1,0
BRDA:107,16,0,0
BRDA:107,16,1,0
BRDA:108,17,0,0
BRDA:108,17,1,0
BRDA:111,18,0,0
BRDA:111,18,1,0
BRDA:122,19,0,0
BRDA:122,19,1,0
BRDA:123,20,0,0
BRDA:123,20,1,0
BRDA:134,21,0,0
BRDA:134,21,1,0
BRDA:144,22,0,0
BRDA:144,22,1,0
BRDA:145,23,0,0
BRDA:145,23,1,0
BRDA:147,24,0,0
BRDA:147,24,1,0
BRDA:157,25,0,0
BRDA:157,25,1,0
BRDA:159,26,0,0
BRDA:159,26,1,0
BRDA:172,27,0,0
BRDA:172,27,1,0
BRDA:196,28,0,0
BRDA:196,28,1,0
BRDA:211,29,0,0
BRDA:211,29,1,0
BRDA:219,30,0,0
BRDA:219,30,1,0
BRDA:224,31,0,0
BRDA:224,31,1,0
BRDA:235,32,0,0
BRDA:235,32,1,0
BRDA:236,33,0,0
BRDA:236,33,1,0
BRF:68
BRH:2
end_of_record
TN:
SF:src\controllers\shop.controller.js
FN:6,normalizeUserId
FN:15,listShopItems
FN:39,buyItem
FNF:3
FNH:0
FNDA:0,normalizeUserId
FNDA:0,listShopItems
FNDA:0,buyItem
DA:4,4
DA:7,0
DA:9,0
DA:10,0
DA:11,0
DA:12,0
DA:16,0
DA:17,0
DA:19,0
DA:25,0
DA:26,0
DA:29,0
DA:31,0
DA:33,0
DA:35,0
DA:40,0
DA:41,0
DA:42,0
DA:43,0
DA:46,0
DA:47,0
DA:48,0
DA:51,0
DA:57,0
DA:58,0
DA:59,0
DA:61,0
DA:67,0
DA:69,0
DA:70,0
DA:75,0
DA:81,0
DA:82,0
DA:84,0
DA:86,0
DA:91,0
DA:93,0
DA:101,0
DA:110,0
DA:111,0
DA:118,0
DA:119,0
DA:121,0
DA:132,0
DA:133,0
DA:136,0
DA:143,0
LF:47
LH:1
BRDA:4,0,0,4
BRDA:4,0,1,4
BRDA:7,1,0,0
BRDA:7,1,1,0
BRDA:10,2,0,0
BRDA:10,2,1,0
BRDA:11,3,0,0
BRDA:11,3,1,0
BRDA:11,4,0,0
BRDA:11,4,1,0
BRDA:17,5,0,0
BRDA:17,5,1,0
BRDA:25,6,0,0
BRDA:25,6,1,0
BRDA:31,7,0,0
BRDA:31,7,1,0
BRDA:33,8,0,0
BRDA:33,8,1,0
BRDA:42,9,0,0
BRDA:42,9,1,0
BRDA:47,10,0,0
BRDA:47,10,1,0
BRDA:57,11,0,0
BRDA:57,11,1,0
BRDA:58,12,0,0
BRDA:58,12,1,0
BRDA:59,13,0,0
BRDA:59,13,1,0
BRDA:67,14,0,0
BRDA:67,14,1,0
BRDA:69,15,0,0
BRDA:69,15,1,0
BRDA:81,16,0,0
BRDA:81,16,1,0
BRDA:82,17,0,0
BRDA:82,17,1,0
BRDA:91,18,0,0
BRDA:91,18,1,0
BRDA:110,19,0,0
BRDA:110,19,1,0
BRDA:118,20,0,0
BRDA:118,20,1,0
BRDA:132,21,0,0
BRDA:132,21,1,0
BRF:44
BRH:2
end_of_record
TN:
SF:src\controllers\submissions.controller.js
FN:8,normalizeUserId
FN:17,createSubmission
FN:94,(anonymous_2)
FN:99,(anonymous_3)
FN:161,(anonymous_4)
FNF:5
FNH:0
FNDA:0,normalizeUserId
FNDA:0,createSubmission
FNDA:0,(anonymous_2)
FNDA:0,(anonymous_3)
FNDA:0,(anonymous_4)
DA:6,4
DA:9,0
DA:11,0
DA:12,0
DA:13,0
DA:14,0
DA:18,0
DA:19,0
DA:21,0
DA:22,0
DA:23,0
DA:24,0
DA:29,0
DA:31,0
DA:33,0
DA:34,0
DA:36,0
DA:37,0
DA:42,0
DA:48,0
DA:49,0
DA:51,0
DA:53,0
DA:54,0
DA:55,0
DA:58,0
DA:59,0
DA:65,0
DA:66,0
DA:67,0
DA:69,0
DA:70,0
DA:73,0
DA:74,0
DA:76,0
DA:78,0
DA:79,0
DA:84,0
DA:86,0
DA:87,0
DA:92,0
DA:94,0
DA:95,0
DA:96,0
DA:99,0
DA:101,0
DA:104,0
DA:105,0
DA:108,0
DA:110,0
DA:111,0
DA:112,0
DA:114,0
DA:116,0
DA:122,0
DA:124,0
DA:125,0
DA:130,0
DA:131,0
DA:139,0
DA:140,0
DA:141,0
DA:143,0
DA:152,0
DA:158,0
DA:160,0
DA:161,0
DA:168,0
DA:172,0
DA:175,0
DA:191,0
LF:71
LH:1
BRDA:6,0,0,4
BRDA:6,0,1,4
BRDA:9,1,0,0
BRDA:9,1,1,0
BRDA:12,2,0,0
BRDA:12,2,1,0
BRDA:13,3,0,0
BRDA:13,3,1,0
BRDA:13,4,0,0
BRDA:13,4,1,0
BRDA:22,5,0,0
BRDA:22,5,1,0
BRDA:23,6,0,0
BRDA:23,6,1,0
BRDA:29,7,0,0
BRDA:29,7,1,0
BRDA:31,8,0,0
BRDA:31,8,1,0
BRDA:34,9,0,0
BRDA:34,9,1,0
BRDA:36,10,0,0
BRDA:36,10,1,0
BRDA:36,11,0,0
BRDA:36,11,1,0
BRDA:36,11,2,0
BRDA:48,12,0,0
BRDA:48,12,1,0
BRDA:49,13,0,0
BRDA:49,13,1,0
BRDA:53,14,0,0
BRDA:53,14,1,0
BRDA:54,15,0,0
BRDA:54,15,1,0
BRDA:58,16,0,0
BRDA:58,16,1,0
BRDA:66,17,0,0
BRDA:66,17,1,0
BRDA:66,18,0,0
BRDA:66,18,1,0
BRDA:69,19,0,0
BRDA:69,19,1,0
BRDA:69,20,0,0
BRDA:69,20,1,0
BRDA:78,21,0,0
BRDA:78,21,1,0
BRDA:78,22,0,0
BRDA:78,22,1,0
BRDA:86,23,0,0
BRDA:86,23,1,0
BRDA:92,24,0,0
BRDA:92,24,1,0
BRDA:94,25,0,0
BRDA:94,25,1,0
BRDA:95,26,0,0
BRDA:95,26,1,0
BRDA:99,27,0,0
BRDA:99,27,1,0
BRDA:99,28,0,0
BRDA:99,28,1,0
BRDA:104,29,0,0
BRDA:104,29,1,0
BRDA:122,30,0,0
BRDA:122,30,1,0
BRDA:124,31,0,0
BRDA:124,31,1,0
BRDA:124,32,0,0
BRDA:124,32,1,0
BRDA:130,33,0,0
BRDA:130,33,1,0
BRDA:140,34,0,0
BRDA:140,34,1,0
BRDA:141,35,0,0
BRDA:141,35,1,0
BRDA:158,36,0,0
BRDA:158,36,1,0
BRDA:160,37,0,0
BRDA:160,37,1,0
BRDA:172,38,0,0
BRDA:172,38,1,0
BRF:79
BRH:2
end_of_record
TN:
SF:src\lib\supabaseClient.js
FNF:0
FNH:0
DA:4,1
DA:5,1
DA:6,1
DA:8,1
DA:9,0
DA:12,1
DA:13,1
LF:7
LH:6
BRDA:8,0,0,0
BRDA:8,0,1,1
BRDA:8,1,0,1
BRDA:8,1,1,1
BRDA:8,1,2,1
BRF:5
BRH:4
end_of_record
TN:
SF:src\routes\actionLogs.route.js
FNF:0
FNH:0
DA:4,4
DA:6,4
DA:7,4
LF:3
LH:3
BRF:0
BRH:0
end_of_record
TN:
SF:src\routes\actionTypes.route.js
FNF:0
FNH:0
DA:4,4
DA:6,4
LF:2
LH:2
BRF:0
BRH:0
end_of_record
TN:
SF:src\routes\auth.route.js
FNF:0
FNH:0
DA:4,4
DA:6,4
DA:7,4
LF:3
LH:3
BRF:0
BRH:0
end_of_record
TN:
SF:src\routes\challenges.route.js
FNF:0
FNH:0
DA:9,4
DA:11,4
DA:12,4
DA:13,4
DA:14,4
LF:5
LH:5
BRF:0
BRH:0
end_of_record
TN:
SF:src\routes\coins.route.js
FNF:0
FNH:0
DA:4,4
DA:6,4
DA:7,4
LF:3
LH:3
BRF:0
BRH:0
end_of_record
TN:
SF:src\routes\groups.route.js
FNF:0
FNH:0
DA:4,4
DA:6,4
DA:7,4
DA:8,4
DA:9,4
LF:5
LH:5
BRF:0
BRH:0
end_of_record
TN:
SF:src\routes\inventory.route.js
FNF:0
FNH:0
DA:4,4
DA:6,4
DA:7,4
DA:8,4
LF:4
LH:4
BRF:0
BRH:0
end_of_record
TN:
SF:src\routes\invites.route.js
FNF:0
FNH:0
DA:4,4
DA:6,4
DA:7,4
LF:3
LH:3
BRF:0
BRH:0
end_of_record
TN:
SF:src\routes\leaderboards.route.js
FNF:0
FNH:0
DA:4,4
DA:6,4
LF:2
LH:2
BRF:0
BRH:0
end_of_record
TN:
SF:src\routes\moderation.route.js
FNF:0
FNH:0
DA:7,4
DA:9,4
DA:10,4
LF:3
LH:3
BRF:0
BRH:0
end_of_record
TN:
SF:src\routes\pets.route.js
FNF:0
FNH:0
DA:4,4
DA:6,4
DA:7,4
DA:8,4
DA:9,4
DA:10,4
LF:6
LH:6
BRF:0
BRH:0
end_of_record
TN:
SF:src\routes\shop.route.js
FNF:0
FNH:0
DA:4,4
DA:6,4
DA:7,4
LF:3
LH:3
BRF:0
BRH:0
end_of_record
TN:
SF:src\routes\submissions.route.js
FNF:0
FNH:0
DA:4,4
DA:6,4
LF:2
LH:2
BRF:0
BRH:0
end_of_record
TN:
SF:src\services\carbon.service.js
FN:1,(anonymous_0)
FN:3,confidenceFromUncertainty
FN:10,calculateCarbonFromFactor
FNF:3
FNH:2
FNDA:0,(anonymous_0)
FNDA:1,confidenceFromUncertainty
FNDA:3,calculateCarbonFromFactor
DA:1,5
DA:4,1
DA:5,1
DA:6,0
DA:7,0
DA:11,3
DA:13,3
DA:14,1
DA:17,2
DA:18,2
DA:19,1
DA:22,1
DA:23,1
DA:25,1
DA:26,1
DA:28,1
LF:16
LH:14
BRDA:4,0,0,0
BRDA:4,0,1,1
BRDA:5,1,0,1
BRDA:5,1,1,0
BRDA:6,2,0,0
BRDA:6,2,1,0
BRDA:11,3,0,1
BRDA:11,3,1,2
BRDA:13,4,0,1
BRDA:13,4,1,2
BRDA:13,5,0,3
BRDA:13,5,1,2
BRDA:18,6,0,1
BRDA:18,6,1,1
BRDA:22,7,0,0
BRDA:22,7,1,1
BRDA:41,8,0,1
BRDA:41,8,1,0
BRDA:41,9,0,1
BRDA:41,9,1,0
BRF:20
BRH:13
end_of_record
TN:
SF:src\services\challengeRules.service.js
FN:2,safeParseJson
FNF:1
FNH:0
FNDA:0,safeParseJson
DA:3,0
DA:4,0
DA:5,0
DA:7,0
LF:4
LH:0
BRDA:2,0,0,0
BRDA:3,1,0,0
BRDA:3,1,1,0
BRDA:3,2,0,0
BRDA:3,2,1,0
BRF:5
BRH:0
end_of_record
TN:
SF:src\services\scoring.service.js
FN:2,calculatePoints
FNF:1
FNH:1
FNDA:3,calculatePoints
DA:3,3
DA:5,3
LF:2
LH:2
BRDA:3,0,0,2
BRDA:3,0,1,1
BRF:2
BRH:2
end_of_record
